{"meta": {"format": 3, "version": "7.13.1", "timestamp": "2026-01-15T11:33:43.534177", "branch_coverage": false, "show_contexts": false}, "files": {"agents/__init__.py": {"executed_lines": [3, 4, 5, 6, 7, 8, 9, 11], "summary": {"covered_lines": 8, "num_statements": 8, "percent_covered": 100.0, "percent_covered_display": "100", "missing_lines": 0, "excluded_lines": 0, "percent_statements_covered": 100.0, "percent_statements_covered_display": "100"}, "missing_lines": [], "excluded_lines": [], "functions": {"": {"executed_lines": [3, 4, 5, 6, 7, 8, 9, 11], "summary": {"covered_lines": 8, "num_statements": 8, "percent_covered": 100.0, "percent_covered_display": "100", "missing_lines": 0, "excluded_lines": 0, "percent_statements_covered": 100.0, "percent_statements_covered_display": "100"}, "missing_lines": [], "excluded_lines": [], "start_line": 1}}, "classes": {"": {"executed_lines": [3, 4, 5, 6, 7, 8, 9, 11], "summary": {"covered_lines": 8, "num_statements": 8, "percent_covered": 100.0, "percent_covered_display": "100", "missing_lines": 0, "excluded_lines": 0, "percent_statements_covered": 100.0, "percent_statements_covered_display": "100"}, "missing_lines": [], "excluded_lines": [], "start_line": 1}}}, "agents/architect.py": {"executed_lines": [3, 5, 6, 7, 9, 11, 31, 35, 47, 56, 64, 65, 74, 101, 122, 163, 193], "summary": {"covered_lines": 17, "num_statements": 91, "percent_covered": 18.681318681318682, "percent_covered_display": "19", "missing_lines": 74, "excluded_lines": 0, "percent_statements_covered": 18.681318681318682, "percent_statements_covered_display": "19"}, "missing_lines": [76, 79, 80, 81, 82, 83, 87, 88, 90, 98, 99, 103, 106, 107, 108, 109, 110, 112, 115, 116, 118, 119, 120, 124, 127, 128, 129, 130, 131, 132, 133, 135, 136, 137, 138, 139, 141, 146, 147, 152, 153, 156, 159, 161, 165, 166, 171, 173, 176, 177, 178, 179, 180, 181, 183, 184, 185, 189, 190, 191, 196, 197, 200, 201, 202, 203, 204, 207, 210, 211, 212, 215, 217, 218], "excluded_lines": [], "functions": {"ArchitectAgent.__init__": {"executed_lines": [65], "summary": {"covered_lines": 1, "num_statements": 1, "percent_covered": 100.0, "percent_covered_display": "100", "missing_lines": 0, "excluded_lines": 0, "percent_statements_covered": 100.0, "percent_statements_covered_display": "100"}, "missing_lines": [], "excluded_lines": [], "start_line": 64}, "ArchitectAgent.create_world": {"executed_lines": [], "summary": {"covered_lines": 0, "num_statements": 11, "percent_covered": 0.0, "percent_covered_display": "0", "missing_lines": 11, "excluded_lines": 0, "percent_statements_covered": 0.0, "percent_statements_covered_display": "0"}, "missing_lines": [76, 79, 80, 81, 82, 83, 87, 88, 90, 98, 99], "excluded_lines": [], "start_line": 74}, "ArchitectAgent.create_characters": {"executed_lines": [], "summary": {"covered_lines": 0, "num_statements": 12, "percent_covered": 0.0, "percent_covered_display": "0", "missing_lines": 12, "excluded_lines": 0, "percent_statements_covered": 0.0, "percent_statements_covered_display": "0"}, "missing_lines": [103, 106, 107, 108, 109, 110, 112, 115, 116, 118, 119, 120], "excluded_lines": [], "start_line": 101}, "ArchitectAgent.create_plot_outline": {"executed_lines": [], "summary": {"covered_lines": 0, "num_statements": 21, "percent_covered": 0.0, "percent_covered_display": "0", "missing_lines": 21, "excluded_lines": 0, "percent_statements_covered": 0.0, "percent_statements_covered_display": "0"}, "missing_lines": [124, 127, 128, 129, 130, 131, 132, 133, 135, 136, 137, 138, 139, 141, 146, 147, 152, 153, 156, 159, 161], "excluded_lines": [], "start_line": 122}, "ArchitectAgent.create_chapter_outline": {"executed_lines": [], "summary": {"covered_lines": 0, "num_statements": 16, "percent_covered": 0.0, "percent_covered_display": "0", "missing_lines": 16, "excluded_lines": 0, "percent_statements_covered": 0.0, "percent_statements_covered_display": "0"}, "missing_lines": [165, 166, 171, 173, 176, 177, 178, 179, 180, 181, 183, 184, 185, 189, 190, 191], "excluded_lines": [], "start_line": 163}, "ArchitectAgent.build_story_structure": {"executed_lines": [], "summary": {"covered_lines": 0, "num_statements": 14, "percent_covered": 0.0, "percent_covered_display": "0", "missing_lines": 14, "excluded_lines": 0, "percent_statements_covered": 0.0, "percent_statements_covered_display": "0"}, "missing_lines": [196, 197, 200, 201, 202, 203, 204, 207, 210, 211, 212, 215, 217, 218], "excluded_lines": [], "start_line": 193}, "": {"executed_lines": [3, 5, 6, 7, 9, 11, 31, 35, 47, 56, 64, 74, 101, 122, 163, 193], "summary": {"covered_lines": 16, "num_statements": 16, "percent_covered": 100.0, "percent_covered_display": "100", "missing_lines": 0, "excluded_lines": 0, "percent_statements_covered": 100.0, "percent_statements_covered_display": "100"}, "missing_lines": [], "excluded_lines": [], "start_line": 1}}, "classes": {"ArchitectAgent": {"executed_lines": [65], "summary": {"covered_lines": 1, "num_statements": 75, "percent_covered": 1.3333333333333333, "percent_covered_display": "1", "missing_lines": 74, "excluded_lines": 0, "percent_statements_covered": 1.3333333333333333, "percent_statements_covered_display": "1"}, "missing_lines": [76, 79, 80, 81, 82, 83, 87, 88, 90, 98, 99, 103, 106, 107, 108, 109, 110, 112, 115, 116, 118, 119, 120, 124, 127, 128, 129, 130, 131, 132, 133, 135, 136, 137, 138, 139, 141, 146, 147, 152, 153, 156, 159, 161, 165, 166, 171, 173, 176, 177, 178, 179, 180, 181, 183, 184, 185, 189, 190, 191, 196, 197, 200, 201, 202, 203, 204, 207, 210, 211, 212, 215, 217, 218], "excluded_lines": [], "start_line": 31}, "": {"executed_lines": [3, 5, 6, 7, 9, 11, 31, 35, 47, 56, 64, 74, 101, 122, 163, 193], "summary": {"covered_lines": 16, "num_statements": 16, "percent_covered": 100.0, "percent_covered_display": "100", "missing_lines": 0, "excluded_lines": 0, "percent_statements_covered": 100.0, "percent_statements_covered_display": "100"}, "missing_lines": [], "excluded_lines": [], "start_line": 1}}}, "agents/base.py": {"executed_lines": [3, 4, 6, 8, 9, 10, 12, 15, 18, 21, 24, 27, 30, 33, 37, 38, 39, 41, 51, 52, 53, 54, 57, 60, 61, 63, 65, 68, 70, 72, 73, 74, 80, 85, 114, 187, 191], "summary": {"covered_lines": 37, "num_statements": 92, "percent_covered": 40.21739130434783, "percent_covered_display": "40", "missing_lines": 55, "excluded_lines": 0, "percent_statements_covered": 40.21739130434783, "percent_statements_covered_display": "40"}, "missing_lines": [66, 81, 82, 83, 94, 95, 96, 99, 100, 102, 103, 106, 109, 110, 111, 112, 122, 124, 125, 127, 129, 130, 132, 133, 135, 136, 137, 138, 142, 143, 152, 154, 155, 158, 160, 161, 162, 163, 164, 165, 166, 168, 170, 171, 173, 174, 175, 176, 177, 178, 179, 182, 183, 189, 192], "excluded_lines": [], "functions": {"BaseAgent.__init__": {"executed_lines": [51, 52, 53, 54, 57, 60, 61, 63, 65, 68, 70], "summary": {"covered_lines": 11, "num_statements": 12, "percent_covered": 91.66666666666667, "percent_covered_display": "92", "missing_lines": 1, "excluded_lines": 0, "percent_statements_covered": 91.66666666666667, "percent_statements_covered_display": "92"}, "missing_lines": [66], "excluded_lines": [], "start_line": 41}, "BaseAgent.check_ollama_health": {"executed_lines": [80], "summary": {"covered_lines": 1, "num_statements": 4, "percent_covered": 25.0, "percent_covered_display": "25", "missing_lines": 3, "excluded_lines": 0, "percent_statements_covered": 25.0, "percent_statements_covered_display": "25"}, "missing_lines": [81, 82, 83], "excluded_lines": [], "start_line": 74}, "BaseAgent.validate_model": {"executed_lines": [], "summary": {"covered_lines": 0, "num_statements": 12, "percent_covered": 0.0, "percent_covered_display": "0", "missing_lines": 12, "excluded_lines": 0, "percent_statements_covered": 0.0, "percent_statements_covered_display": "0"}, "missing_lines": [94, 95, 96, 99, 100, 102, 103, 106, 109, 110, 111, 112], "excluded_lines": [], "start_line": 85}, "BaseAgent.generate": {"executed_lines": [], "summary": {"covered_lines": 0, "num_statements": 37, "percent_covered": 0.0, "percent_covered_display": "0", "missing_lines": 37, "excluded_lines": 0, "percent_statements_covered": 0.0, "percent_statements_covered_display": "0"}, "missing_lines": [122, 124, 125, 127, 129, 130, 132, 133, 135, 136, 137, 138, 142, 143, 152, 154, 155, 158, 160, 161, 162, 163, 164, 165, 166, 168, 170, 171, 173, 174, 175, 176, 177, 178, 179, 182, 183], "excluded_lines": [], "start_line": 114}, "BaseAgent.get_model_info": {"executed_lines": [], "summary": {"covered_lines": 0, "num_statements": 1, "percent_covered": 0.0, "percent_covered_display": "0", "missing_lines": 1, "excluded_lines": 0, "percent_statements_covered": 0.0, "percent_statements_covered_display": "0"}, "missing_lines": [189], "excluded_lines": [], "start_line": 187}, "BaseAgent.__repr__": {"executed_lines": [], "summary": {"covered_lines": 0, "num_statements": 1, "percent_covered": 0.0, "percent_covered_display": "0", "missing_lines": 1, "excluded_lines": 0, "percent_statements_covered": 0.0, "percent_statements_covered_display": "0"}, "missing_lines": [192], "excluded_lines": [], "start_line": 191}, "": {"executed_lines": [3, 4, 6, 8, 9, 10, 12, 15, 18, 21, 24, 27, 30, 33, 37, 38, 39, 41, 72, 73, 74, 85, 114, 187, 191], "summary": {"covered_lines": 25, "num_statements": 25, "percent_covered": 100.0, "percent_covered_display": "100", "missing_lines": 0, "excluded_lines": 0, "percent_statements_covered": 100.0, "percent_statements_covered_display": "100"}, "missing_lines": [], "excluded_lines": [], "start_line": 1}}, "classes": {"LLMError": {"executed_lines": [], "summary": {"covered_lines": 0, "num_statements": 0, "percent_covered": 100.0, "percent_covered_display": "100", "missing_lines": 0, "excluded_lines": 0, "percent_statements_covered": 100.0, "percent_statements_covered_display": "100"}, "missing_lines": [], "excluded_lines": [], "start_line": 15}, "LLMConnectionError": {"executed_lines": [], "summary": {"covered_lines": 0, "num_statements": 0, "percent_covered": 100.0, "percent_covered_display": "100", "missing_lines": 0, "excluded_lines": 0, "percent_statements_covered": 100.0, "percent_statements_covered_display": "100"}, "missing_lines": [], "excluded_lines": [], "start_line": 21}, "LLMGenerationError": {"executed_lines": [], "summary": {"covered_lines": 0, "num_statements": 0, "percent_covered": 100.0, "percent_covered_display": "100", "missing_lines": 0, "excluded_lines": 0, "percent_statements_covered": 100.0, "percent_statements_covered_display": "100"}, "missing_lines": [], "excluded_lines": [], "start_line": 27}, "BaseAgent": {"executed_lines": [51, 52, 53, 54, 57, 60, 61, 63, 65, 68, 70, 80], "summary": {"covered_lines": 12, "num_statements": 67, "percent_covered": 17.91044776119403, "percent_covered_display": "18", "missing_lines": 55, "excluded_lines": 0, "percent_statements_covered": 17.91044776119403, "percent_statements_covered_display": "18"}, "missing_lines": [66, 81, 82, 83, 94, 95, 96, 99, 100, 102, 103, 106, 109, 110, 111, 112, 122, 124, 125, 127, 129, 130, 132, 133, 135, 136, 137, 138, 142, 143, 152, 154, 155, 158, 160, 161, 162, 163, 164, 165, 166, 168, 170, 171, 173, 174, 175, 176, 177, 178, 179, 182, 183, 189, 192], "excluded_lines": [], "start_line": 33}, "": {"executed_lines": [3, 4, 6, 8, 9, 10, 12, 15, 18, 21, 24, 27, 30, 33, 37, 38, 39, 41, 72, 73, 74, 85, 114, 187, 191], "summary": {"covered_lines": 25, "num_statements": 25, "percent_covered": 100.0, "percent_covered_display": "100", "missing_lines": 0, "excluded_lines": 0, "percent_statements_covered": 100.0, "percent_statements_covered_display": "100"}, "missing_lines": [], "excluded_lines": [], "start_line": 1}}}, "agents/continuity.py": {"executed_lines": [3, 4, 6, 7, 9, 11, 14, 15, 18, 19, 20, 21, 22, 25, 46, 49, 50, 59, 128, 179, 216, 247, 262, 270, 286, 333], "summary": {"covered_lines": 26, "num_statements": 112, "percent_covered": 23.214285714285715, "percent_covered_display": "23", "missing_lines": 86, "excluded_lines": 0, "percent_statements_covered": 23.214285714285715, "percent_statements_covered_display": "23"}, "missing_lines": [67, 68, 69, 70, 71, 73, 78, 79, 80, 81, 125, 126, 130, 136, 137, 139, 140, 141, 142, 176, 177, 186, 213, 214, 222, 237, 239, 240, 241, 242, 243, 245, 249, 250, 251, 253, 254, 255, 256, 257, 258, 260, 264, 265, 268, 272, 273, 275, 277, 278, 284, 297, 298, 299, 301, 316, 318, 319, 320, 321, 322, 323, 324, 326, 327, 328, 329, 331, 344, 350, 351, 353, 355, 366, 368, 369, 371, 372, 375, 377, 378, 379, 381, 382, 383, 385], "excluded_lines": [], "functions": {"ContinuityAgent.__init__": {"executed_lines": [50], "summary": {"covered_lines": 1, "num_statements": 1, "percent_covered": 100.0, "percent_covered_display": "100", "missing_lines": 0, "excluded_lines": 0, "percent_statements_covered": 100.0, "percent_statements_covered_display": "100"}, "missing_lines": [], "excluded_lines": [], "start_line": 49}, "ContinuityAgent.check_chapter": {"executed_lines": [], "summary": {"covered_lines": 0, "num_statements": 12, "percent_covered": 0.0, "percent_covered_display": "0", "missing_lines": 12, "excluded_lines": 0, "percent_statements_covered": 0.0, "percent_statements_covered_display": "0"}, "missing_lines": [67, 68, 69, 70, 71, 73, 78, 79, 80, 81, 125, 126], "excluded_lines": [], "start_line": 59}, "ContinuityAgent.check_full_story": {"executed_lines": [], "summary": {"covered_lines": 0, "num_statements": 9, "percent_covered": 0.0, "percent_covered_display": "0", "missing_lines": 9, "excluded_lines": 0, "percent_statements_covered": 0.0, "percent_statements_covered_display": "0"}, "missing_lines": [130, 136, 137, 139, 140, 141, 142, 176, 177], "excluded_lines": [], "start_line": 128}, "ContinuityAgent.validate_against_outline": {"executed_lines": [], "summary": {"covered_lines": 0, "num_statements": 3, "percent_covered": 0.0, "percent_covered_display": "0", "missing_lines": 3, "excluded_lines": 0, "percent_statements_covered": 0.0, "percent_statements_covered_display": "0"}, "missing_lines": [186, 213, 214], "excluded_lines": [], "start_line": 179}, "ContinuityAgent.extract_new_facts": {"executed_lines": [], "summary": {"covered_lines": 0, "num_statements": 8, "percent_covered": 0.0, "percent_covered_display": "0", "missing_lines": 8, "excluded_lines": 0, "percent_statements_covered": 0.0, "percent_statements_covered_display": "0"}, "missing_lines": [222, 237, 239, 240, 241, 242, 243, 245], "excluded_lines": [], "start_line": 216}, "ContinuityAgent._parse_issues": {"executed_lines": [], "summary": {"covered_lines": 0, "num_statements": 10, "percent_covered": 0.0, "percent_covered_display": "0", "missing_lines": 10, "excluded_lines": 0, "percent_statements_covered": 0.0, "percent_statements_covered_display": "0"}, "missing_lines": [249, 250, 251, 253, 254, 255, 256, 257, 258, 260], "excluded_lines": [], "start_line": 247}, "ContinuityAgent.should_revise": {"executed_lines": [], "summary": {"covered_lines": 0, "num_statements": 3, "percent_covered": 0.0, "percent_covered_display": "0", "missing_lines": 3, "excluded_lines": 0, "percent_statements_covered": 0.0, "percent_statements_covered_display": "0"}, "missing_lines": [264, 265, 268], "excluded_lines": [], "start_line": 262}, "ContinuityAgent.format_revision_feedback": {"executed_lines": [], "summary": {"covered_lines": 0, "num_statements": 6, "percent_covered": 0.0, "percent_covered_display": "0", "missing_lines": 6, "excluded_lines": 0, "percent_statements_covered": 0.0, "percent_statements_covered_display": "0"}, "missing_lines": [272, 273, 275, 277, 278, 284], "excluded_lines": [], "start_line": 270}, "ContinuityAgent.extract_character_arcs": {"executed_lines": [], "summary": {"covered_lines": 0, "num_statements": 17, "percent_covered": 0.0, "percent_covered_display": "0", "missing_lines": 17, "excluded_lines": 0, "percent_statements_covered": 0.0, "percent_statements_covered_display": "0"}, "missing_lines": [297, 298, 299, 301, 316, 318, 319, 320, 321, 322, 323, 324, 326, 327, 328, 329, 331], "excluded_lines": [], "start_line": 286}, "ContinuityAgent.check_plot_points_completed": {"executed_lines": [], "summary": {"covered_lines": 0, "num_statements": 18, "percent_covered": 0.0, "percent_covered_display": "0", "missing_lines": 18, "excluded_lines": 0, "percent_statements_covered": 0.0, "percent_statements_covered_display": "0"}, "missing_lines": [344, 350, 351, 353, 355, 366, 368, 369, 371, 372, 375, 377, 378, 379, 381, 382, 383, 385], "excluded_lines": [], "start_line": 333}, "": {"executed_lines": [3, 4, 6, 7, 9, 11, 14, 15, 18, 19, 20, 21, 22, 25, 46, 49, 59, 128, 179, 216, 247, 262, 270, 286, 333], "summary": {"covered_lines": 25, "num_statements": 25, "percent_covered": 100.0, "percent_covered_display": "100", "missing_lines": 0, "excluded_lines": 0, "percent_statements_covered": 100.0, "percent_statements_covered_display": "100"}, "missing_lines": [], "excluded_lines": [], "start_line": 1}}, "classes": {"ContinuityIssue": {"executed_lines": [], "summary": {"covered_lines": 0, "num_statements": 0, "percent_covered": 100.0, "percent_covered_display": "100", "missing_lines": 0, "excluded_lines": 0, "percent_statements_covered": 100.0, "percent_statements_covered_display": "100"}, "missing_lines": [], "excluded_lines": [], "start_line": 15}, "ContinuityAgent": {"executed_lines": [50], "summary": {"covered_lines": 1, "num_statements": 87, "percent_covered": 1.1494252873563218, "percent_covered_display": "1", "missing_lines": 86, "excluded_lines": 0, "percent_statements_covered": 1.1494252873563218, "percent_statements_covered_display": "1"}, "missing_lines": [67, 68, 69, 70, 71, 73, 78, 79, 80, 81, 125, 126, 130, 136, 137, 139, 140, 141, 142, 176, 177, 186, 213, 214, 222, 237, 239, 240, 241, 242, 243, 245, 249, 250, 251, 253, 254, 255, 256, 257, 258, 260, 264, 265, 268, 272, 273, 275, 277, 278, 284, 297, 298, 299, 301, 316, 318, 319, 320, 321, 322, 323, 324, 326, 327, 328, 329, 331, 344, 350, 351, 353, 355, 366, 368, 369, 371, 372, 375, 377, 378, 379, 381, 382, 383, 385], "excluded_lines": [], "start_line": 46}, "": {"executed_lines": [3, 4, 6, 7, 9, 11, 14, 15, 18, 19, 20, 21, 22, 25, 46, 49, 59, 128, 179, 216, 247, 262, 270, 286, 333], "summary": {"covered_lines": 25, "num_statements": 25, "percent_covered": 100.0, "percent_covered_display": "100", "missing_lines": 0, "excluded_lines": 0, "percent_statements_covered": 100.0, "percent_statements_covered_display": "100"}, "missing_lines": [], "excluded_lines": [], "start_line": 1}}}, "agents/editor.py": {"executed_lines": [3, 5, 7, 34, 37, 38, 47, 83, 102, 122], "summary": {"covered_lines": 10, "num_statements": 25, "percent_covered": 40.0, "percent_covered_display": "40", "missing_lines": 15, "excluded_lines": 0, "percent_statements_covered": 40.0, "percent_statements_covered_display": "40"}, "missing_lines": [49, 50, 51, 53, 81, 87, 89, 100, 104, 120, 129, 130, 131, 132, 154], "excluded_lines": [], "functions": {"EditorAgent.__init__": {"executed_lines": [38], "summary": {"covered_lines": 1, "num_statements": 1, "percent_covered": 100.0, "percent_covered_display": "100", "missing_lines": 0, "excluded_lines": 0, "percent_statements_covered": 100.0, "percent_statements_covered_display": "100"}, "missing_lines": [], "excluded_lines": [], "start_line": 37}, "EditorAgent.edit_chapter": {"executed_lines": [], "summary": {"covered_lines": 0, "num_statements": 5, "percent_covered": 0.0, "percent_covered_display": "0", "missing_lines": 5, "excluded_lines": 0, "percent_statements_covered": 0.0, "percent_statements_covered_display": "0"}, "missing_lines": [49, 50, 51, 53, 81], "excluded_lines": [], "start_line": 47}, "EditorAgent.edit_passage": {"executed_lines": [], "summary": {"covered_lines": 0, "num_statements": 3, "percent_covered": 0.0, "percent_covered_display": "0", "missing_lines": 3, "excluded_lines": 0, "percent_statements_covered": 0.0, "percent_statements_covered_display": "0"}, "missing_lines": [87, 89, 100], "excluded_lines": [], "start_line": 83}, "EditorAgent.get_edit_suggestions": {"executed_lines": [], "summary": {"covered_lines": 0, "num_statements": 2, "percent_covered": 0.0, "percent_covered_display": "0", "missing_lines": 2, "excluded_lines": 0, "percent_statements_covered": 0.0, "percent_statements_covered_display": "0"}, "missing_lines": [104, 120], "excluded_lines": [], "start_line": 102}, "EditorAgent.ensure_consistency": {"executed_lines": [], "summary": {"covered_lines": 0, "num_statements": 5, "percent_covered": 0.0, "percent_covered_display": "0", "missing_lines": 5, "excluded_lines": 0, "percent_statements_covered": 0.0, "percent_statements_covered_display": "0"}, "missing_lines": [129, 130, 131, 132, 154], "excluded_lines": [], "start_line": 122}, "": {"executed_lines": [3, 5, 7, 34, 37, 47, 83, 102, 122], "summary": {"covered_lines": 9, "num_statements": 9, "percent_covered": 100.0, "percent_covered_display": "100", "missing_lines": 0, "excluded_lines": 0, "percent_statements_covered": 100.0, "percent_statements_covered_display": "100"}, "missing_lines": [], "excluded_lines": [], "start_line": 1}}, "classes": {"EditorAgent": {"executed_lines": [38], "summary": {"covered_lines": 1, "num_statements": 16, "percent_covered": 6.25, "percent_covered_display": "6", "missing_lines": 15, "excluded_lines": 0, "percent_statements_covered": 6.25, "percent_statements_covered_display": "6"}, "missing_lines": [49, 50, 51, 53, 81, 87, 89, 100, 104, 120, 129, 130, 131, 132, 154], "excluded_lines": [], "start_line": 34}, "": {"executed_lines": [3, 5, 7, 34, 37, 47, 83, 102, 122], "summary": {"covered_lines": 9, "num_statements": 9, "percent_covered": 100.0, "percent_covered_display": "100", "missing_lines": 0, "excluded_lines": 0, "percent_statements_covered": 100.0, "percent_statements_covered_display": "100"}, "missing_lines": [], "excluded_lines": [], "start_line": 1}}}, "agents/interviewer.py": {"executed_lines": [3, 4, 6, 8, 33, 36, 37, 45, 47, 61, 102, 108], "summary": {"covered_lines": 12, "num_statements": 28, "percent_covered": 42.857142857142854, "percent_covered_display": "43", "missing_lines": 16, "excluded_lines": 0, "percent_statements_covered": 42.857142857142854, "percent_statements_covered_display": "43"}, "missing_lines": [49, 59, 63, 65, 70, 98, 99, 100, 105, 106, 110, 133, 134, 136, 138, 149], "excluded_lines": [], "functions": {"InterviewerAgent.__init__": {"executed_lines": [37, 45], "summary": {"covered_lines": 2, "num_statements": 2, "percent_covered": 100.0, "percent_covered_display": "100", "missing_lines": 0, "excluded_lines": 0, "percent_statements_covered": 100.0, "percent_statements_covered_display": "100"}, "missing_lines": [], "excluded_lines": [], "start_line": 36}, "InterviewerAgent.get_initial_questions": {"executed_lines": [], "summary": {"covered_lines": 0, "num_statements": 2, "percent_covered": 0.0, "percent_covered_display": "0", "missing_lines": 2, "excluded_lines": 0, "percent_statements_covered": 0.0, "percent_statements_covered_display": "0"}, "missing_lines": [49, 59], "excluded_lines": [], "start_line": 47}, "InterviewerAgent.process_response": {"executed_lines": [], "summary": {"covered_lines": 0, "num_statements": 6, "percent_covered": 0.0, "percent_covered_display": "0", "missing_lines": 6, "excluded_lines": 0, "percent_statements_covered": 0.0, "percent_statements_covered_display": "0"}, "missing_lines": [63, 65, 70, 98, 99, 100], "excluded_lines": [], "start_line": 61}, "InterviewerAgent.extract_brief": {"executed_lines": [], "summary": {"covered_lines": 0, "num_statements": 2, "percent_covered": 0.0, "percent_covered_display": "0", "missing_lines": 2, "excluded_lines": 0, "percent_statements_covered": 0.0, "percent_statements_covered_display": "0"}, "missing_lines": [105, 106], "excluded_lines": [], "start_line": 102}, "InterviewerAgent.finalize_brief": {"executed_lines": [], "summary": {"covered_lines": 0, "num_statements": 6, "percent_covered": 0.0, "percent_covered_display": "0", "missing_lines": 6, "excluded_lines": 0, "percent_statements_covered": 0.0, "percent_statements_covered_display": "0"}, "missing_lines": [110, 133, 134, 136, 138, 149], "excluded_lines": [], "start_line": 108}, "": {"executed_lines": [3, 4, 6, 8, 33, 36, 47, 61, 102, 108], "summary": {"covered_lines": 10, "num_statements": 10, "percent_covered": 100.0, "percent_covered_display": "100", "missing_lines": 0, "excluded_lines": 0, "percent_statements_covered": 100.0, "percent_statements_covered_display": "100"}, "missing_lines": [], "excluded_lines": [], "start_line": 1}}, "classes": {"InterviewerAgent": {"executed_lines": [37, 45], "summary": {"covered_lines": 2, "num_statements": 18, "percent_covered": 11.11111111111111, "percent_covered_display": "11", "missing_lines": 16, "excluded_lines": 0, "percent_statements_covered": 11.11111111111111, "percent_statements_covered_display": "11"}, "missing_lines": [49, 59, 63, 65, 70, 98, 99, 100, 105, 106, 110, 133, 134, 136, 138, 149], "excluded_lines": [], "start_line": 33}, "": {"executed_lines": [3, 4, 6, 8, 33, 36, 47, 61, 102, 108], "summary": {"covered_lines": 10, "num_statements": 10, "percent_covered": 100.0, "percent_covered_display": "100", "missing_lines": 0, "excluded_lines": 0, "percent_statements_covered": 100.0, "percent_statements_covered_display": "100"}, "missing_lines": [], "excluded_lines": [], "start_line": 1}}}, "agents/validator.py": {"executed_lines": [3, 4, 6, 8, 11, 14, 17, 30, 33, 35, 36, 37, 39, 48, 103, 148], "summary": {"covered_lines": 16, "num_statements": 52, "percent_covered": 30.76923076923077, "percent_covered_display": "31", "missing_lines": 36, "excluded_lines": 0, "percent_statements_covered": 30.76923076923077, "percent_statements_covered_display": "31"}, "missing_lines": [68, 69, 72, 74, 75, 76, 77, 83, 84, 85, 90, 91, 92, 93, 94, 97, 99, 101, 111, 113, 130, 131, 132, 135, 136, 137, 138, 141, 142, 143, 144, 145, 168, 169, 171, 172], "excluded_lines": [], "functions": {"ValidatorAgent.__init__": {"executed_lines": [35, 36, 37, 39], "summary": {"covered_lines": 4, "num_statements": 4, "percent_covered": 100.0, "percent_covered_display": "100", "missing_lines": 0, "excluded_lines": 0, "percent_statements_covered": 100.0, "percent_statements_covered_display": "100"}, "missing_lines": [], "excluded_lines": [], "start_line": 33}, "ValidatorAgent.validate_response": {"executed_lines": [], "summary": {"covered_lines": 0, "num_statements": 18, "percent_covered": 0.0, "percent_covered_display": "0", "missing_lines": 18, "excluded_lines": 0, "percent_statements_covered": 0.0, "percent_statements_covered_display": "0"}, "missing_lines": [68, 69, 72, 74, 75, 76, 77, 83, 84, 85, 90, 91, 92, 93, 94, 97, 99, 101], "excluded_lines": [], "start_line": 48}, "ValidatorAgent._ai_validate": {"executed_lines": [], "summary": {"covered_lines": 0, "num_statements": 14, "percent_covered": 0.0, "percent_covered_display": "0", "missing_lines": 14, "excluded_lines": 0, "percent_statements_covered": 0.0, "percent_statements_covered_display": "0"}, "missing_lines": [111, 113, 130, 131, 132, 135, 136, 137, 138, 141, 142, 143, 144, 145], "excluded_lines": [], "start_line": 103}, "validate_or_raise": {"executed_lines": [], "summary": {"covered_lines": 0, "num_statements": 4, "percent_covered": 0.0, "percent_covered_display": "0", "missing_lines": 4, "excluded_lines": 0, "percent_statements_covered": 0.0, "percent_statements_covered_display": "0"}, "missing_lines": [168, 169, 171, 172], "excluded_lines": [], "start_line": 148}, "": {"executed_lines": [3, 4, 6, 8, 11, 14, 17, 30, 33, 48, 103, 148], "summary": {"covered_lines": 12, "num_statements": 12, "percent_covered": 100.0, "percent_covered_display": "100", "missing_lines": 0, "excluded_lines": 0, "percent_statements_covered": 100.0, "percent_statements_covered_display": "100"}, "missing_lines": [], "excluded_lines": [], "start_line": 1}}, "classes": {"ResponseValidationError": {"executed_lines": [], "summary": {"covered_lines": 0, "num_statements": 0, "percent_covered": 100.0, "percent_covered_display": "100", "missing_lines": 0, "excluded_lines": 0, "percent_statements_covered": 100.0, "percent_statements_covered_display": "100"}, "missing_lines": [], "excluded_lines": [], "start_line": 11}, "ValidatorAgent": {"executed_lines": [35, 36, 37, 39], "summary": {"covered_lines": 4, "num_statements": 36, "percent_covered": 11.11111111111111, "percent_covered_display": "11", "missing_lines": 32, "excluded_lines": 0, "percent_statements_covered": 11.11111111111111, "percent_statements_covered_display": "11"}, "missing_lines": [68, 69, 72, 74, 75, 76, 77, 83, 84, 85, 90, 91, 92, 93, 94, 97, 99, 101, 111, 113, 130, 131, 132, 135, 136, 137, 138, 141, 142, 143, 144, 145], "excluded_lines": [], "start_line": 30}, "": {"executed_lines": [3, 4, 6, 8, 11, 14, 17, 30, 33, 48, 103, 148], "summary": {"covered_lines": 12, "num_statements": 16, "percent_covered": 75.0, "percent_covered_display": "75", "missing_lines": 4, "excluded_lines": 0, "percent_statements_covered": 75.0, "percent_statements_covered_display": "75"}, "missing_lines": [168, 169, 171, 172], "excluded_lines": [], "start_line": 1}}}, "agents/writer.py": {"executed_lines": [3, 4, 6, 8, 38, 41, 42, 51, 102, 134], "summary": {"covered_lines": 10, "num_statements": 58, "percent_covered": 17.24137931034483, "percent_covered_display": "17", "missing_lines": 48, "excluded_lines": 0, "percent_statements_covered": 17.24137931034483, "percent_statements_covered_display": "17"}, "missing_lines": [58, 59, 62, 63, 64, 65, 66, 67, 72, 73, 74, 75, 76, 78, 79, 81, 82, 84, 96, 99, 100, 108, 109, 112, 113, 114, 115, 116, 117, 118, 119, 121, 128, 131, 132, 141, 142, 145, 146, 147, 148, 150, 151, 153, 155, 156, 161, 162], "excluded_lines": [], "functions": {"WriterAgent.__init__": {"executed_lines": [42], "summary": {"covered_lines": 1, "num_statements": 1, "percent_covered": 100.0, "percent_covered_display": "100", "missing_lines": 0, "excluded_lines": 0, "percent_statements_covered": 100.0, "percent_statements_covered_display": "100"}, "missing_lines": [], "excluded_lines": [], "start_line": 41}, "WriterAgent.write_chapter": {"executed_lines": [], "summary": {"covered_lines": 0, "num_statements": 21, "percent_covered": 0.0, "percent_covered_display": "0", "missing_lines": 21, "excluded_lines": 0, "percent_statements_covered": 0.0, "percent_statements_covered_display": "0"}, "missing_lines": [58, 59, 62, 63, 64, 65, 66, 67, 72, 73, 74, 75, 76, 78, 79, 81, 82, 84, 96, 99, 100], "excluded_lines": [], "start_line": 51}, "WriterAgent.write_short_story": {"executed_lines": [], "summary": {"covered_lines": 0, "num_statements": 14, "percent_covered": 0.0, "percent_covered_display": "0", "missing_lines": 14, "excluded_lines": 0, "percent_statements_covered": 0.0, "percent_statements_covered_display": "0"}, "missing_lines": [108, 109, 112, 113, 114, 115, 116, 117, 118, 119, 121, 128, 131, 132], "excluded_lines": [], "start_line": 102}, "WriterAgent.continue_scene": {"executed_lines": [], "summary": {"covered_lines": 0, "num_statements": 13, "percent_covered": 0.0, "percent_covered_display": "0", "missing_lines": 13, "excluded_lines": 0, "percent_statements_covered": 0.0, "percent_statements_covered_display": "0"}, "missing_lines": [141, 142, 145, 146, 147, 148, 150, 151, 153, 155, 156, 161, 162], "excluded_lines": [], "start_line": 134}, "": {"executed_lines": [3, 4, 6, 8, 38, 41, 51, 102, 134], "summary": {"covered_lines": 9, "num_statements": 9, "percent_covered": 100.0, "percent_covered_display": "100", "missing_lines": 0, "excluded_lines": 0, "percent_statements_covered": 100.0, "percent_statements_covered_display": "100"}, "missing_lines": [], "excluded_lines": [], "start_line": 1}}, "classes": {"WriterAgent": {"executed_lines": [42], "summary": {"covered_lines": 1, "num_statements": 49, "percent_covered": 2.0408163265306123, "percent_covered_display": "2", "missing_lines": 48, "excluded_lines": 0, "percent_statements_covered": 2.0408163265306123, "percent_statements_covered_display": "2"}, "missing_lines": [58, 59, 62, 63, 64, 65, 66, 67, 72, 73, 74, 75, 76, 78, 79, 81, 82, 84, 96, 99, 100, 108, 109, 112, 113, 114, 115, 116, 117, 118, 119, 121, 128, 131, 132, 141, 142, 145, 146, 147, 148, 150, 151, 153, 155, 156, 161, 162], "excluded_lines": [], "start_line": 38}, "": {"executed_lines": [3, 4, 6, 8, 38, 41, 51, 102, 134], "summary": {"covered_lines": 9, "num_statements": 9, "percent_covered": 100.0, "percent_covered_display": "100", "missing_lines": 0, "excluded_lines": 0, "percent_statements_covered": 100.0, "percent_statements_covered_display": "100"}, "missing_lines": [], "excluded_lines": [], "start_line": 1}}}, "main.py": {"executed_lines": [], "summary": {"covered_lines": 0, "num_statements": 115, "percent_covered": 0.0, "percent_covered_display": "0", "missing_lines": 115, "excluded_lines": 0, "percent_statements_covered": 0.0, "percent_statements_covered_display": "0"}, "missing_lines": [16, 17, 19, 21, 24, 32, 33, 34, 36, 39, 40, 43, 44, 47, 54, 56, 57, 58, 59, 62, 63, 64, 65, 67, 68, 69, 70, 71, 72, 73, 74, 75, 76, 78, 81, 82, 83, 84, 85, 86, 87, 88, 89, 90, 91, 92, 93, 94, 95, 96, 98, 101, 102, 103, 104, 105, 107, 108, 109, 110, 111, 113, 114, 116, 117, 119, 120, 121, 123, 124, 125, 127, 128, 129, 130, 132, 133, 135, 136, 137, 139, 140, 141, 142, 144, 145, 147, 148, 149, 150, 152, 153, 154, 157, 158, 159, 160, 163, 165, 166, 171, 176, 182, 188, 194, 199, 205, 212, 215, 216, 218, 219, 221, 224, 225], "excluded_lines": [], "functions": {"run_web_ui": {"executed_lines": [], "summary": {"covered_lines": 0, "num_statements": 8, "percent_covered": 0.0, "percent_covered_display": "0", "missing_lines": 8, "excluded_lines": 0, "percent_statements_covered": 0.0, "percent_statements_covered_display": "0"}, "missing_lines": [32, 33, 34, 36, 39, 40, 43, 44], "excluded_lines": [], "start_line": 24}, "run_cli": {"executed_lines": [], "summary": {"covered_lines": 0, "num_statements": 83, "percent_covered": 0.0, "percent_covered_display": "0", "missing_lines": 83, "excluded_lines": 0, "percent_statements_covered": 0.0, "percent_statements_covered_display": "0"}, "missing_lines": [54, 56, 57, 58, 59, 62, 63, 64, 65, 67, 68, 69, 70, 71, 72, 73, 74, 75, 76, 78, 81, 82, 83, 84, 85, 86, 87, 88, 89, 90, 91, 92, 93, 94, 95, 96, 98, 101, 102, 103, 104, 105, 107, 108, 109, 110, 111, 113, 114, 116, 117, 119, 120, 121, 123, 124, 125, 127, 128, 129, 130, 132, 133, 135, 136, 137, 139, 140, 141, 142, 144, 145, 147, 148, 149, 150, 152, 153, 154, 157, 158, 159, 160], "excluded_lines": [], "start_line": 47}, "main": {"executed_lines": [], "summary": {"covered_lines": 0, "num_statements": 15, "percent_covered": 0.0, "percent_covered_display": "0", "missing_lines": 15, "excluded_lines": 0, "percent_statements_covered": 0.0, "percent_statements_covered_display": "0"}, "missing_lines": [165, 166, 171, 176, 182, 188, 194, 199, 205, 212, 215, 216, 218, 219, 221], "excluded_lines": [], "start_line": 163}, "": {"executed_lines": [], "summary": {"covered_lines": 0, "num_statements": 9, "percent_covered": 0.0, "percent_covered_display": "0", "missing_lines": 9, "excluded_lines": 0, "percent_statements_covered": 0.0, "percent_statements_covered_display": "0"}, "missing_lines": [16, 17, 19, 21, 24, 47, 163, 224, 225], "excluded_lines": [], "start_line": 1}}, "classes": {"": {"executed_lines": [], "summary": {"covered_lines": 0, "num_statements": 115, "percent_covered": 0.0, "percent_covered_display": "0", "missing_lines": 115, "excluded_lines": 0, "percent_statements_covered": 0.0, "percent_statements_covered_display": "0"}, "missing_lines": [16, 17, 19, 21, 24, 32, 33, 34, 36, 39, 40, 43, 44, 47, 54, 56, 57, 58, 59, 62, 63, 64, 65, 67, 68, 69, 70, 71, 72, 73, 74, 75, 76, 78, 81, 82, 83, 84, 85, 86, 87, 88, 89, 90, 91, 92, 93, 94, 95, 96, 98, 101, 102, 103, 104, 105, 107, 108, 109, 110, 111, 113, 114, 116, 117, 119, 120, 121, 123, 124, 125, 127, 128, 129, 130, 132, 133, 135, 136, 137, 139, 140, 141, 142, 144, 145, 147, 148, 149, 150, 152, 153, 154, 157, 158, 159, 160, 163, 165, 166, 171, 176, 182, 188, 194, 199, 205, 212, 215, 216, 218, 219, 221, 224, 225], "excluded_lines": [], "start_line": 1}}}, "memory/__init__.py": {"executed_lines": [3, 4, 5, 7], "summary": {"covered_lines": 4, "num_statements": 4, "percent_covered": 100.0, "percent_covered_display": "100", "missing_lines": 0, "excluded_lines": 0, "percent_statements_covered": 100.0, "percent_statements_covered_display": "100"}, "missing_lines": [], "excluded_lines": [], "functions": {"": {"executed_lines": [3, 4, 5, 7], "summary": {"covered_lines": 4, "num_statements": 4, "percent_covered": 100.0, "percent_covered_display": "100", "missing_lines": 0, "excluded_lines": 0, "percent_statements_covered": 100.0, "percent_statements_covered_display": "100"}, "missing_lines": [], "excluded_lines": [], "start_line": 1}}, "classes": {"": {"executed_lines": [3, 4, 5, 7], "summary": {"covered_lines": 4, "num_statements": 4, "percent_covered": 100.0, "percent_covered_display": "100", "missing_lines": 0, "excluded_lines": 0, "percent_statements_covered": 100.0, "percent_statements_covered_display": "100"}, "missing_lines": [], "excluded_lines": [], "start_line": 1}}}, "memory/entities.py": {"executed_lines": [3, 4, 6, 9, 12, 13, 14, 15, 16, 17, 18, 21, 24, 25, 26, 27, 28, 29, 30, 31, 32, 35, 38, 39, 40, 41, 42, 43, 46, 49, 50, 51], "summary": {"covered_lines": 32, "num_statements": 32, "percent_covered": 100.0, "percent_covered_display": "100", "missing_lines": 0, "excluded_lines": 0, "percent_statements_covered": 100.0, "percent_statements_covered_display": "100"}, "missing_lines": [], "excluded_lines": [], "functions": {"": {"executed_lines": [3, 4, 6, 9, 12, 13, 14, 15, 16, 17, 18, 21, 24, 25, 26, 27, 28, 29, 30, 31, 32, 35, 38, 39, 40, 41, 42, 43, 46, 49, 50, 51], "summary": {"covered_lines": 32, "num_statements": 32, "percent_covered": 100.0, "percent_covered_display": "100", "missing_lines": 0, "excluded_lines": 0, "percent_statements_covered": 100.0, "percent_statements_covered_display": "100"}, "missing_lines": [], "excluded_lines": [], "start_line": 1}}, "classes": {"Entity": {"executed_lines": [], "summary": {"covered_lines": 0, "num_statements": 0, "percent_covered": 100.0, "percent_covered_display": "100", "missing_lines": 0, "excluded_lines": 0, "percent_statements_covered": 100.0, "percent_statements_covered_display": "100"}, "missing_lines": [], "excluded_lines": [], "start_line": 9}, "Relationship": {"executed_lines": [], "summary": {"covered_lines": 0, "num_statements": 0, "percent_covered": 100.0, "percent_covered_display": "100", "missing_lines": 0, "excluded_lines": 0, "percent_statements_covered": 100.0, "percent_statements_covered_display": "100"}, "missing_lines": [], "excluded_lines": [], "start_line": 21}, "WorldEvent": {"executed_lines": [], "summary": {"covered_lines": 0, "num_statements": 0, "percent_covered": 100.0, "percent_covered_display": "100", "missing_lines": 0, "excluded_lines": 0, "percent_statements_covered": 100.0, "percent_statements_covered_display": "100"}, "missing_lines": [], "excluded_lines": [], "start_line": 35}, "EventParticipant": {"executed_lines": [], "summary": {"covered_lines": 0, "num_statements": 0, "percent_covered": 100.0, "percent_covered_display": "100", "missing_lines": 0, "excluded_lines": 0, "percent_statements_covered": 100.0, "percent_statements_covered_display": "100"}, "missing_lines": [], "excluded_lines": [], "start_line": 46}, "": {"executed_lines": [3, 4, 6, 9, 12, 13, 14, 15, 16, 17, 18, 21, 24, 25, 26, 27, 28, 29, 30, 31, 32, 35, 38, 39, 40, 41, 42, 43, 46, 49, 50, 51], "summary": {"covered_lines": 32, "num_statements": 32, "percent_covered": 100.0, "percent_covered_display": "100", "missing_lines": 0, "excluded_lines": 0, "percent_statements_covered": 100.0, "percent_statements_covered_display": "100"}, "missing_lines": [], "excluded_lines": [], "start_line": 1}}}, "memory/story_state.py": {"executed_lines": [3, 4, 6, 9, 12, 13, 14, 15, 16, 17, 18, 19, 21, 25, 36, 39, 40, 41, 42, 45, 48, 49, 50, 51, 52, 53, 54, 57, 60, 61, 62, 63, 64, 65, 66, 67, 68, 69, 70, 71, 72, 75, 78, 79, 80, 83, 84, 85, 88, 91, 94, 97, 100, 101, 104, 107, 108, 111, 112, 115, 116, 119, 121, 150, 155], "summary": {"covered_lines": 65, "num_statements": 97, "percent_covered": 67.01030927835052, "percent_covered_display": "67", "missing_lines": 32, "excluded_lines": 0, "percent_statements_covered": 67.01030927835052, "percent_statements_covered_display": "67"}, "missing_lines": [23, 27, 28, 30, 31, 32, 33, 123, 125, 126, 127, 128, 130, 131, 134, 136, 137, 138, 139, 140, 141, 142, 144, 145, 146, 148, 152, 153, 157, 158, 159, 160], "excluded_lines": [], "functions": {"Character.update_arc": {"executed_lines": [], "summary": {"covered_lines": 0, "num_statements": 1, "percent_covered": 0.0, "percent_covered_display": "0", "missing_lines": 1, "excluded_lines": 0, "percent_statements_covered": 0.0, "percent_statements_covered_display": "0"}, "missing_lines": [23], "excluded_lines": [], "start_line": 21}, "Character.get_arc_summary": {"executed_lines": [], "summary": {"covered_lines": 0, "num_statements": 6, "percent_covered": 0.0, "percent_covered_display": "0", "missing_lines": 6, "excluded_lines": 0, "percent_statements_covered": 0.0, "percent_statements_covered_display": "0"}, "missing_lines": [27, 28, 30, 31, 32, 33], "excluded_lines": [], "start_line": 25}, "StoryState.get_context_summary": {"executed_lines": [], "summary": {"covered_lines": 0, "num_statements": 19, "percent_covered": 0.0, "percent_covered_display": "0", "missing_lines": 19, "excluded_lines": 0, "percent_statements_covered": 0.0, "percent_statements_covered_display": "0"}, "missing_lines": [123, 125, 126, 127, 128, 130, 131, 134, 136, 137, 138, 139, 140, 141, 142, 144, 145, 146, 148], "excluded_lines": [], "start_line": 121}, "StoryState.add_established_fact": {"executed_lines": [], "summary": {"covered_lines": 0, "num_statements": 2, "percent_covered": 0.0, "percent_covered_display": "0", "missing_lines": 2, "excluded_lines": 0, "percent_statements_covered": 0.0, "percent_statements_covered_display": "0"}, "missing_lines": [152, 153], "excluded_lines": [], "start_line": 150}, "StoryState.get_character_by_name": {"executed_lines": [], "summary": {"covered_lines": 0, "num_statements": 4, "percent_covered": 0.0, "percent_covered_display": "0", "missing_lines": 4, "excluded_lines": 0, "percent_statements_covered": 0.0, "percent_statements_covered_display": "0"}, "missing_lines": [157, 158, 159, 160], "excluded_lines": [], "start_line": 155}, "": {"executed_lines": [3, 4, 6, 9, 12, 13, 14, 15, 16, 17, 18, 19, 21, 25, 36, 39, 40, 41, 42, 45, 48, 49, 50, 51, 52, 53, 54, 57, 60, 61, 62, 63, 64, 65, 66, 67, 68, 69, 70, 71, 72, 75, 78, 79, 80, 83, 84, 85, 88, 91, 94, 97, 100, 101, 104, 107, 108, 111, 112, 115, 116, 119, 121, 150, 155], "summary": {"covered_lines": 65, "num_statements": 65, "percent_covered": 100.0, "percent_covered_display": "100", "missing_lines": 0, "excluded_lines": 0, "percent_statements_covered": 100.0, "percent_statements_covered_display": "100"}, "missing_lines": [], "excluded_lines": [], "start_line": 1}}, "classes": {"Character": {"executed_lines": [], "summary": {"covered_lines": 0, "num_statements": 7, "percent_covered": 0.0, "percent_covered_display": "0", "missing_lines": 7, "excluded_lines": 0, "percent_statements_covered": 0.0, "percent_statements_covered_display": "0"}, "missing_lines": [23, 27, 28, 30, 31, 32, 33], "excluded_lines": [], "start_line": 9}, "PlotPoint": {"executed_lines": [], "summary": {"covered_lines": 0, "num_statements": 0, "percent_covered": 100.0, "percent_covered_display": "100", "missing_lines": 0, "excluded_lines": 0, "percent_statements_covered": 100.0, "percent_statements_covered_display": "100"}, "missing_lines": [], "excluded_lines": [], "start_line": 36}, "Chapter": {"executed_lines": [], "summary": {"covered_lines": 0, "num_statements": 0, "percent_covered": 100.0, "percent_covered_display": "100", "missing_lines": 0, "excluded_lines": 0, "percent_statements_covered": 100.0, "percent_statements_covered_display": "100"}, "missing_lines": [], "excluded_lines": [], "start_line": 45}, "StoryBrief": {"executed_lines": [], "summary": {"covered_lines": 0, "num_statements": 0, "percent_covered": 100.0, "percent_covered_display": "100", "missing_lines": 0, "excluded_lines": 0, "percent_statements_covered": 100.0, "percent_statements_covered_display": "100"}, "missing_lines": [], "excluded_lines": [], "start_line": 57}, "StoryState": {"executed_lines": [], "summary": {"covered_lines": 0, "num_statements": 25, "percent_covered": 0.0, "percent_covered_display": "0", "missing_lines": 25, "excluded_lines": 0, "percent_statements_covered": 0.0, "percent_statements_covered_display": "0"}, "missing_lines": [123, 125, 126, 127, 128, 130, 131, 134, 136, 137, 138, 139, 140, 141, 142, 144, 145, 146, 148, 152, 153, 157, 158, 159, 160], "excluded_lines": [], "start_line": 75}, "": {"executed_lines": [3, 4, 6, 9, 12, 13, 14, 15, 16, 17, 18, 19, 21, 25, 36, 39, 40, 41, 42, 45, 48, 49, 50, 51, 52, 53, 54, 57, 60, 61, 62, 63, 64, 65, 66, 67, 68, 69, 70, 71, 72, 75, 78, 79, 80, 83, 84, 85, 88, 91, 94, 97, 100, 101, 104, 107, 108, 111, 112, 115, 116, 119, 121, 150, 155], "summary": {"covered_lines": 65, "num_statements": 65, "percent_covered": 100.0, "percent_covered_display": "100", "missing_lines": 0, "excluded_lines": 0, "percent_statements_covered": 100.0, "percent_statements_covered_display": "100"}, "missing_lines": [], "excluded_lines": [], "start_line": 1}}}, "memory/world_database.py": {"executed_lines": [3, 4, 5, 6, 7, 8, 9, 11, 13, 15, 18, 21, 27, 28, 29, 30, 31, 32, 34, 36, 39, 54, 73, 87, 101, 102, 103, 104, 105, 107, 108, 110, 112, 113, 119, 137, 138, 139, 141, 142, 149, 150, 151, 152, 154, 163, 164, 165, 166, 168, 170, 193, 203, 204, 206, 210, 213, 215, 216, 218, 219, 223, 224, 225, 227, 236, 237, 238, 239, 240, 242, 251, 252, 253, 258, 259, 261, 270, 271, 272, 274, 275, 276, 278, 288, 289, 290, 291, 300, 308, 310, 312, 326, 350, 351, 352, 354, 355, 373, 374, 375, 376, 378, 388, 390, 392, 395, 400, 402, 426, 441, 447, 448, 449, 451, 453, 469, 514, 535, 551, 571, 580, 581, 582, 587, 588, 590, 605, 607, 609, 611, 614, 615, 624, 625, 634, 645, 650, 656, 657, 658, 659, 661, 671, 672, 673, 674, 678, 697, 707, 708, 712, 713, 715, 716, 717, 719, 720, 721, 722, 723, 724, 725, 729, 730, 731, 732, 733, 734, 736, 753, 767, 776, 777, 781, 782, 784, 785, 786, 787, 788, 789, 795, 804, 835, 844, 846, 848, 849, 850, 851, 852, 853, 861, 867, 873, 888, 894, 897, 898, 899, 900, 903, 904, 921, 922, 942, 965, 966, 967], "summary": {"covered_lines": 210, "num_statements": 280, "percent_covered": 75.0, "percent_covered_display": "75", "missing_lines": 70, "excluded_lines": 0, "percent_statements_covered": 75.0, "percent_statements_covered_display": "75"}, "missing_lines": [167, 180, 181, 182, 187, 188, 189, 190, 191, 207, 211, 391, 393, 412, 413, 421, 422, 423, 424, 435, 436, 437, 438, 439, 489, 490, 491, 493, 494, 503, 504, 505, 510, 511, 512, 523, 524, 533, 544, 545, 549, 560, 561, 562, 592, 635, 675, 676, 691, 692, 693, 694, 695, 709, 726, 742, 743, 744, 747, 750, 751, 759, 760, 761, 764, 765, 778, 943, 959, 960], "excluded_lines": [], "functions": {"WorldDatabase.__init__": {"executed_lines": [27, 28, 29, 30, 31, 32], "summary": {"covered_lines": 6, "num_statements": 6, "percent_covered": 100.0, "percent_covered_display": "100", "missing_lines": 0, "excluded_lines": 0, "percent_statements_covered": 100.0, "percent_statements_covered_display": "100"}, "missing_lines": [], "excluded_lines": [], "start_line": 21}, "WorldDatabase._init_schema": {"executed_lines": [36, 39, 54, 73, 87, 101, 102, 103, 104, 105, 107, 108], "summary": {"covered_lines": 12, "num_statements": 12, "percent_covered": 100.0, "percent_covered_display": "100", "missing_lines": 0, "excluded_lines": 0, "percent_statements_covered": 100.0, "percent_statements_covered_display": "100"}, "missing_lines": [], "excluded_lines": [], "start_line": 34}, "WorldDatabase.close": {"executed_lines": [112, 113], "summary": {"covered_lines": 2, "num_statements": 2, "percent_covered": 100.0, "percent_covered_display": "100", "missing_lines": 0, "excluded_lines": 0, "percent_statements_covered": 100.0, "percent_statements_covered_display": "100"}, "missing_lines": [], "excluded_lines": [], "start_line": 110}, "WorldDatabase.add_entity": {"executed_lines": [137, 138, 139, 141, 142, 149, 150, 151, 152], "summary": {"covered_lines": 9, "num_statements": 9, "percent_covered": 100.0, "percent_covered_display": "100", "missing_lines": 0, "excluded_lines": 0, "percent_statements_covered": 100.0, "percent_statements_covered_display": "100"}, "missing_lines": [], "excluded_lines": [], "start_line": 119}, "WorldDatabase.get_entity": {"executed_lines": [163, 164, 165, 166, 168], "summary": {"covered_lines": 5, "num_statements": 6, "percent_covered": 83.33333333333333, "percent_covered_display": "83", "missing_lines": 1, "excluded_lines": 0, "percent_statements_covered": 83.33333333333333, "percent_statements_covered_display": "83"}, "missing_lines": [167], "excluded_lines": [], "start_line": 154}, "WorldDatabase.get_entity_by_name": {"executed_lines": [], "summary": {"covered_lines": 0, "num_statements": 8, "percent_covered": 0.0, "percent_covered_display": "0", "missing_lines": 8, "excluded_lines": 0, "percent_statements_covered": 0.0, "percent_statements_covered_display": "0"}, "missing_lines": [180, 181, 182, 187, 188, 189, 190, 191], "excluded_lines": [], "start_line": 170}, "WorldDatabase.update_entity": {"executed_lines": [203, 204, 206, 210, 213, 215, 216, 218, 219, 223, 224, 225], "summary": {"covered_lines": 12, "num_statements": 14, "percent_covered": 85.71428571428571, "percent_covered_display": "86", "missing_lines": 2, "excluded_lines": 0, "percent_statements_covered": 85.71428571428571, "percent_statements_covered_display": "86"}, "missing_lines": [207, 211], "excluded_lines": [], "start_line": 193}, "WorldDatabase.delete_entity": {"executed_lines": [236, 237, 238, 239, 240], "summary": {"covered_lines": 5, "num_statements": 5, "percent_covered": 100.0, "percent_covered_display": "100", "missing_lines": 0, "excluded_lines": 0, "percent_statements_covered": 100.0, "percent_statements_covered_display": "100"}, "missing_lines": [], "excluded_lines": [], "start_line": 227}, "WorldDatabase.list_entities": {"executed_lines": [251, 252, 253, 258, 259], "summary": {"covered_lines": 5, "num_statements": 5, "percent_covered": 100.0, "percent_covered_display": "100", "missing_lines": 0, "excluded_lines": 0, "percent_statements_covered": 100.0, "percent_statements_covered_display": "100"}, "missing_lines": [], "excluded_lines": [], "start_line": 242}, "WorldDatabase.count_entities": {"executed_lines": [270, 271, 272, 274, 275, 276], "summary": {"covered_lines": 6, "num_statements": 6, "percent_covered": 100.0, "percent_covered_display": "100", "missing_lines": 0, "excluded_lines": 0, "percent_statements_covered": 100.0, "percent_statements_covered_display": "100"}, "missing_lines": [], "excluded_lines": [], "start_line": 261}, "WorldDatabase.search_entities": {"executed_lines": [288, 289, 290, 291, 300, 308], "summary": {"covered_lines": 6, "num_statements": 6, "percent_covered": 100.0, "percent_covered_display": "100", "missing_lines": 0, "excluded_lines": 0, "percent_statements_covered": 100.0, "percent_statements_covered_display": "100"}, "missing_lines": [], "excluded_lines": [], "start_line": 278}, "WorldDatabase._row_to_entity": {"executed_lines": [312], "summary": {"covered_lines": 1, "num_statements": 1, "percent_covered": 100.0, "percent_covered_display": "100", "missing_lines": 0, "excluded_lines": 0, "percent_statements_covered": 100.0, "percent_statements_covered_display": "100"}, "missing_lines": [], "excluded_lines": [], "start_line": 310}, "WorldDatabase.add_relationship": {"executed_lines": [350, 351, 352, 354, 355, 373, 374, 375, 376], "summary": {"covered_lines": 9, "num_statements": 9, "percent_covered": 100.0, "percent_covered_display": "100", "missing_lines": 0, "excluded_lines": 0, "percent_statements_covered": 100.0, "percent_statements_covered_display": "100"}, "missing_lines": [], "excluded_lines": [], "start_line": 326}, "WorldDatabase.get_relationships": {"executed_lines": [388, 390, 392, 395, 400], "summary": {"covered_lines": 5, "num_statements": 7, "percent_covered": 71.42857142857143, "percent_covered_display": "71", "missing_lines": 2, "excluded_lines": 0, "percent_statements_covered": 71.42857142857143, "percent_statements_covered_display": "71"}, "missing_lines": [391, 393], "excluded_lines": [], "start_line": 378}, "WorldDatabase.get_relationship_between": {"executed_lines": [], "summary": {"covered_lines": 0, "num_statements": 6, "percent_covered": 0.0, "percent_covered_display": "0", "missing_lines": 6, "excluded_lines": 0, "percent_statements_covered": 0.0, "percent_statements_covered_display": "0"}, "missing_lines": [412, 413, 421, 422, 423, 424], "excluded_lines": [], "start_line": 402}, "WorldDatabase.delete_relationship": {"executed_lines": [], "summary": {"covered_lines": 0, "num_statements": 5, "percent_covered": 0.0, "percent_covered_display": "0", "missing_lines": 5, "excluded_lines": 0, "percent_statements_covered": 0.0, "percent_statements_covered_display": "0"}, "missing_lines": [435, 436, 437, 438, 439], "excluded_lines": [], "start_line": 426}, "WorldDatabase.list_relationships": {"executed_lines": [447, 448, 449], "summary": {"covered_lines": 3, "num_statements": 3, "percent_covered": 100.0, "percent_covered_display": "100", "missing_lines": 0, "excluded_lines": 0, "percent_statements_covered": 100.0, "percent_statements_covered_display": "100"}, "missing_lines": [], "excluded_lines": [], "start_line": 441}, "WorldDatabase._row_to_relationship": {"executed_lines": [453], "summary": {"covered_lines": 1, "num_statements": 1, "percent_covered": 100.0, "percent_covered_display": "100", "missing_lines": 0, "excluded_lines": 0, "percent_statements_covered": 100.0, "percent_statements_covered_display": "100"}, "missing_lines": [], "excluded_lines": [], "start_line": 451}, "WorldDatabase.add_event": {"executed_lines": [], "summary": {"covered_lines": 0, "num_statements": 11, "percent_covered": 0.0, "percent_covered_display": "0", "missing_lines": 11, "excluded_lines": 0, "percent_statements_covered": 0.0, "percent_statements_covered_display": "0"}, "missing_lines": [489, 490, 491, 493, 494, 503, 504, 505, 510, 511, 512], "excluded_lines": [], "start_line": 469}, "WorldDatabase.get_events_for_entity": {"executed_lines": [], "summary": {"covered_lines": 0, "num_statements": 3, "percent_covered": 0.0, "percent_covered_display": "0", "missing_lines": 3, "excluded_lines": 0, "percent_statements_covered": 0.0, "percent_statements_covered_display": "0"}, "missing_lines": [523, 524, 533], "excluded_lines": [], "start_line": 514}, "WorldDatabase.get_events_for_chapter": {"executed_lines": [], "summary": {"covered_lines": 0, "num_statements": 3, "percent_covered": 0.0, "percent_covered_display": "0", "missing_lines": 3, "excluded_lines": 0, "percent_statements_covered": 0.0, "percent_statements_covered_display": "0"}, "missing_lines": [544, 545, 549], "excluded_lines": [], "start_line": 535}, "WorldDatabase.get_event_participants": {"executed_lines": [], "summary": {"covered_lines": 0, "num_statements": 3, "percent_covered": 0.0, "percent_covered_display": "0", "missing_lines": 3, "excluded_lines": 0, "percent_statements_covered": 0.0, "percent_statements_covered_display": "0"}, "missing_lines": [560, 561, 562], "excluded_lines": [], "start_line": 551}, "WorldDatabase.list_events": {"executed_lines": [580, 581, 582, 587, 588], "summary": {"covered_lines": 5, "num_statements": 5, "percent_covered": 100.0, "percent_covered_display": "100", "missing_lines": 0, "excluded_lines": 0, "percent_statements_covered": 100.0, "percent_statements_covered_display": "100"}, "missing_lines": [], "excluded_lines": [], "start_line": 571}, "WorldDatabase._row_to_event": {"executed_lines": [], "summary": {"covered_lines": 0, "num_statements": 1, "percent_covered": 0.0, "percent_covered_display": "0", "missing_lines": 1, "excluded_lines": 0, "percent_statements_covered": 0.0, "percent_statements_covered_display": "0"}, "missing_lines": [592], "excluded_lines": [], "start_line": 590}, "WorldDatabase._invalidate_graph": {"executed_lines": [607], "summary": {"covered_lines": 1, "num_statements": 1, "percent_covered": 100.0, "percent_covered_display": "100", "missing_lines": 0, "excluded_lines": 0, "percent_statements_covered": 100.0, "percent_statements_covered_display": "100"}, "missing_lines": [], "excluded_lines": [], "start_line": 605}, "WorldDatabase._rebuild_graph": {"executed_lines": [611, 614, 615, 624, 625, 634, 645], "summary": {"covered_lines": 7, "num_statements": 8, "percent_covered": 87.5, "percent_covered_display": "88", "missing_lines": 1, "excluded_lines": 0, "percent_statements_covered": 87.5, "percent_statements_covered_display": "88"}, "missing_lines": [635], "excluded_lines": [], "start_line": 609}, "WorldDatabase.get_graph": {"executed_lines": [656, 657, 658, 659], "summary": {"covered_lines": 4, "num_statements": 4, "percent_covered": 100.0, "percent_covered_display": "100", "missing_lines": 0, "excluded_lines": 0, "percent_statements_covered": 100.0, "percent_statements_covered_display": "100"}, "missing_lines": [], "excluded_lines": [], "start_line": 650}, "WorldDatabase.find_path": {"executed_lines": [671, 672, 673, 674], "summary": {"covered_lines": 4, "num_statements": 6, "percent_covered": 66.66666666666667, "percent_covered_display": "67", "missing_lines": 2, "excluded_lines": 0, "percent_statements_covered": 66.66666666666667, "percent_statements_covered_display": "67"}, "missing_lines": [675, 676], "excluded_lines": [], "start_line": 661}, "WorldDatabase.find_all_paths": {"executed_lines": [], "summary": {"covered_lines": 0, "num_statements": 5, "percent_covered": 0.0, "percent_covered_display": "0", "missing_lines": 5, "excluded_lines": 0, "percent_statements_covered": 0.0, "percent_statements_covered_display": "0"}, "missing_lines": [691, 692, 693, 694, 695], "excluded_lines": [], "start_line": 678}, "WorldDatabase.get_connected_entities": {"executed_lines": [707, 708, 712, 713, 715, 716, 717, 719, 720, 721, 722, 723, 724, 725, 729, 730, 731, 732, 733, 734], "summary": {"covered_lines": 20, "num_statements": 22, "percent_covered": 90.9090909090909, "percent_covered_display": "91", "missing_lines": 2, "excluded_lines": 0, "percent_statements_covered": 90.9090909090909, "percent_statements_covered_display": "91"}, "missing_lines": [709, 726], "excluded_lines": [], "start_line": 697}, "WorldDatabase.get_communities": {"executed_lines": [], "summary": {"covered_lines": 0, "num_statements": 6, "percent_covered": 0.0, "percent_covered_display": "0", "missing_lines": 6, "excluded_lines": 0, "percent_statements_covered": 0.0, "percent_statements_covered_display": "0"}, "missing_lines": [742, 743, 744, 747, 750, 751], "excluded_lines": [], "start_line": 736}, "WorldDatabase.get_entity_centrality": {"executed_lines": [], "summary": {"covered_lines": 0, "num_statements": 5, "percent_covered": 0.0, "percent_covered_display": "0", "missing_lines": 5, "excluded_lines": 0, "percent_statements_covered": 0.0, "percent_statements_covered_display": "0"}, "missing_lines": [759, 760, 761, 764, 765], "excluded_lines": [], "start_line": 753}, "WorldDatabase.get_most_connected": {"executed_lines": [776, 777, 781, 782, 784, 785, 786, 787, 788, 789], "summary": {"covered_lines": 10, "num_statements": 11, "percent_covered": 90.9090909090909, "percent_covered_display": "91", "missing_lines": 1, "excluded_lines": 0, "percent_statements_covered": 90.9090909090909, "percent_statements_covered_display": "91"}, "missing_lines": [778], "excluded_lines": [], "start_line": 767}, "WorldDatabase.get_context_for_agents": {"executed_lines": [804], "summary": {"covered_lines": 1, "num_statements": 1, "percent_covered": 100.0, "percent_covered_display": "100", "missing_lines": 0, "excluded_lines": 0, "percent_statements_covered": 100.0, "percent_statements_covered_display": "100"}, "missing_lines": [], "excluded_lines": [], "start_line": 795}, "WorldDatabase._get_important_relationships": {"executed_lines": [844, 846, 848, 849, 850, 851, 852, 853, 861], "summary": {"covered_lines": 9, "num_statements": 9, "percent_covered": 100.0, "percent_covered_display": "100", "missing_lines": 0, "excluded_lines": 0, "percent_statements_covered": 100.0, "percent_statements_covered_display": "100"}, "missing_lines": [], "excluded_lines": [], "start_line": 835}, "WorldDatabase.export_to_json": {"executed_lines": [873], "summary": {"covered_lines": 1, "num_statements": 1, "percent_covered": 100.0, "percent_covered_display": "100", "missing_lines": 0, "excluded_lines": 0, "percent_statements_covered": 100.0, "percent_statements_covered_display": "100"}, "missing_lines": [], "excluded_lines": [], "start_line": 867}, "WorldDatabase.import_from_json": {"executed_lines": [894, 897, 898, 899, 900, 903, 904, 921, 922, 942, 965, 966, 967], "summary": {"covered_lines": 13, "num_statements": 16, "percent_covered": 81.25, "percent_covered_display": "81", "missing_lines": 3, "excluded_lines": 0, "percent_statements_covered": 81.25, "percent_statements_covered_display": "81"}, "missing_lines": [943, 959, 960], "excluded_lines": [], "start_line": 888}, "": {"executed_lines": [3, 4, 5, 6, 7, 8, 9, 11, 13, 15, 18, 21, 34, 110, 119, 154, 170, 193, 227, 242, 261, 278, 310, 326, 378, 402, 426, 441, 451, 469, 514, 535, 551, 571, 590, 605, 609, 650, 661, 678, 697, 736, 753, 767, 795, 835, 867, 888], "summary": {"covered_lines": 48, "num_statements": 48, "percent_covered": 100.0, "percent_covered_display": "100", "missing_lines": 0, "excluded_lines": 0, "percent_statements_covered": 100.0, "percent_statements_covered_display": "100"}, "missing_lines": [], "excluded_lines": [], "start_line": 1}}, "classes": {"WorldDatabase": {"executed_lines": [27, 28, 29, 30, 31, 32, 36, 39, 54, 73, 87, 101, 102, 103, 104, 105, 107, 108, 112, 113, 137, 138, 139, 141, 142, 149, 150, 151, 152, 163, 164, 165, 166, 168, 203, 204, 206, 210, 213, 215, 216, 218, 219, 223, 224, 225, 236, 237, 238, 239, 240, 251, 252, 253, 258, 259, 270, 271, 272, 274, 275, 276, 288, 289, 290, 291, 300, 308, 312, 350, 351, 352, 354, 355, 373, 374, 375, 376, 388, 390, 392, 395, 400, 447, 448, 449, 453, 580, 581, 582, 587, 588, 607, 611, 614, 615, 624, 625, 634, 645, 656, 657, 658, 659, 671, 672, 673, 674, 707, 708, 712, 713, 715, 716, 717, 719, 720, 721, 722, 723, 724, 725, 729, 730, 731, 732, 733, 734, 776, 777, 781, 782, 784, 785, 786, 787, 788, 789, 804, 844, 846, 848, 849, 850, 851, 852, 853, 861, 873, 894, 897, 898, 899, 900, 903, 904, 921, 922, 942, 965, 966, 967], "summary": {"covered_lines": 162, "num_statements": 232, "percent_covered": 69.82758620689656, "percent_covered_display": "70", "missing_lines": 70, "excluded_lines": 0, "percent_statements_covered": 69.82758620689656, "percent_statements_covered_display": "70"}, "missing_lines": [167, 180, 181, 182, 187, 188, 189, 190, 191, 207, 211, 391, 393, 412, 413, 421, 422, 423, 424, 435, 436, 437, 438, 439, 489, 490, 491, 493, 494, 503, 504, 505, 510, 511, 512, 523, 524, 533, 544, 545, 549, 560, 561, 562, 592, 635, 675, 676, 691, 692, 693, 694, 695, 709, 726, 742, 743, 744, 747, 750, 751, 759, 760, 761, 764, 765, 778, 943, 959, 960], "excluded_lines": [], "start_line": 18}, "": {"executed_lines": [3, 4, 5, 6, 7, 8, 9, 11, 13, 15, 18, 21, 34, 110, 119, 154, 170, 193, 227, 242, 261, 278, 310, 326, 378, 402, 426, 441, 451, 469, 514, 535, 551, 571, 590, 605, 609, 650, 661, 678, 697, 736, 753, 767, 795, 835, 867, 888], "summary": {"covered_lines": 48, "num_statements": 48, "percent_covered": 100.0, "percent_covered_display": "100", "missing_lines": 0, "excluded_lines": 0, "percent_statements_covered": 100.0, "percent_statements_covered_display": "100"}, "missing_lines": [], "excluded_lines": [], "start_line": 1}}}, "services/__init__.py": {"executed_lines": [7, 9, 11, 12, 13, 14, 15, 18, 19, 31, 32, 33, 34, 35, 36, 38, 44, 45, 46, 47, 48, 49, 52], "summary": {"covered_lines": 23, "num_statements": 23, "percent_covered": 100.0, "percent_covered_display": "100", "missing_lines": 0, "excluded_lines": 0, "percent_statements_covered": 100.0, "percent_statements_covered_display": "100"}, "missing_lines": [], "excluded_lines": [], "functions": {"ServiceContainer.__init__": {"executed_lines": [44, 45, 46, 47, 48, 49], "summary": {"covered_lines": 6, "num_statements": 6, "percent_covered": 100.0, "percent_covered_display": "100", "missing_lines": 0, "excluded_lines": 0, "percent_statements_covered": 100.0, "percent_statements_covered_display": "100"}, "missing_lines": [], "excluded_lines": [], "start_line": 38}, "": {"executed_lines": [7, 9, 11, 12, 13, 14, 15, 18, 19, 31, 32, 33, 34, 35, 36, 38, 52], "summary": {"covered_lines": 17, "num_statements": 17, "percent_covered": 100.0, "percent_covered_display": "100", "missing_lines": 0, "excluded_lines": 0, "percent_statements_covered": 100.0, "percent_statements_covered_display": "100"}, "missing_lines": [], "excluded_lines": [], "start_line": 1}}, "classes": {"ServiceContainer": {"executed_lines": [44, 45, 46, 47, 48, 49], "summary": {"covered_lines": 6, "num_statements": 6, "percent_covered": 100.0, "percent_covered_display": "100", "missing_lines": 0, "excluded_lines": 0, "percent_statements_covered": 100.0, "percent_statements_covered_display": "100"}, "missing_lines": [], "excluded_lines": [], "start_line": 19}, "": {"executed_lines": [7, 9, 11, 12, 13, 14, 15, 18, 19, 31, 32, 33, 34, 35, 36, 38, 52], "summary": {"covered_lines": 17, "num_statements": 17, "percent_covered": 100.0, "percent_covered_display": "100", "missing_lines": 0, "excluded_lines": 0, "percent_statements_covered": 100.0, "percent_statements_covered_display": "100"}, "missing_lines": [], "excluded_lines": [], "start_line": 1}}}, "services/export_service.py": {"executed_lines": [3, 4, 5, 7, 8, 10, 13, 19, 25, 27, 59, 96, 179, 262, 311, 354], "summary": {"covered_lines": 16, "num_statements": 146, "percent_covered": 10.95890410958904, "percent_covered_display": "11", "missing_lines": 130, "excluded_lines": 0, "percent_statements_covered": 10.95890410958904, "percent_statements_covered_display": "11"}, "missing_lines": [36, 37, 40, 41, 43, 44, 45, 46, 47, 48, 51, 52, 53, 54, 55, 57, 68, 69, 72, 73, 74, 75, 77, 78, 79, 80, 81, 82, 85, 86, 87, 88, 89, 90, 91, 92, 94, 105, 107, 110, 111, 114, 128, 130, 131, 132, 134, 135, 136, 139, 140, 141, 142, 149, 150, 151, 153, 163, 164, 167, 168, 169, 172, 175, 176, 177, 188, 189, 190, 191, 193, 194, 203, 205, 212, 220, 228, 231, 232, 233, 235, 236, 239, 241, 244, 245, 246, 249, 250, 252, 255, 257, 259, 260, 271, 272, 274, 292, 293, 298, 299, 300, 301, 302, 303, 306, 308, 309, 330, 331, 333, 334, 335, 336, 337, 338, 339, 340, 341, 342, 343, 344, 345, 346, 347, 349, 351, 352, 363, 370], "excluded_lines": [], "functions": {"ExportService.__init__": {"executed_lines": [25], "summary": {"covered_lines": 1, "num_statements": 1, "percent_covered": 100.0, "percent_covered_display": "100", "missing_lines": 0, "excluded_lines": 0, "percent_statements_covered": 100.0, "percent_statements_covered_display": "100"}, "missing_lines": [], "excluded_lines": [], "start_line": 19}, "ExportService.to_markdown": {"executed_lines": [], "summary": {"covered_lines": 0, "num_statements": 16, "percent_covered": 0.0, "percent_covered_display": "0", "missing_lines": 16, "excluded_lines": 0, "percent_statements_covered": 0.0, "percent_statements_covered_display": "0"}, "missing_lines": [36, 37, 40, 41, 43, 44, 45, 46, 47, 48, 51, 52, 53, 54, 55, 57], "excluded_lines": [], "start_line": 27}, "ExportService.to_text": {"executed_lines": [], "summary": {"covered_lines": 0, "num_statements": 21, "percent_covered": 0.0, "percent_covered_display": "0", "missing_lines": 21, "excluded_lines": 0, "percent_statements_covered": 0.0, "percent_statements_covered_display": "0"}, "missing_lines": [68, 69, 72, 73, 74, 75, 77, 78, 79, 80, 81, 82, 85, 86, 87, 88, 89, 90, 91, 92, 94], "excluded_lines": [], "start_line": 59}, "ExportService.to_epub": {"executed_lines": [], "summary": {"covered_lines": 0, "num_statements": 29, "percent_covered": 0.0, "percent_covered_display": "0", "missing_lines": 29, "excluded_lines": 0, "percent_statements_covered": 0.0, "percent_statements_covered_display": "0"}, "missing_lines": [105, 107, 110, 111, 114, 128, 130, 131, 132, 134, 135, 136, 139, 140, 141, 142, 149, 150, 151, 153, 163, 164, 167, 168, 169, 172, 175, 176, 177], "excluded_lines": [], "start_line": 96}, "ExportService.to_pdf": {"executed_lines": [], "summary": {"covered_lines": 0, "num_statements": 28, "percent_covered": 0.0, "percent_covered_display": "0", "missing_lines": 28, "excluded_lines": 0, "percent_statements_covered": 0.0, "percent_statements_covered_display": "0"}, "missing_lines": [188, 189, 190, 191, 193, 194, 203, 205, 212, 220, 228, 231, 232, 233, 235, 236, 239, 241, 244, 245, 246, 249, 250, 252, 255, 257, 259, 260], "excluded_lines": [], "start_line": 179}, "ExportService.to_html": {"executed_lines": [], "summary": {"covered_lines": 0, "num_statements": 14, "percent_covered": 0.0, "percent_covered_display": "0", "missing_lines": 14, "excluded_lines": 0, "percent_statements_covered": 0.0, "percent_statements_covered_display": "0"}, "missing_lines": [271, 272, 274, 292, 293, 298, 299, 300, 301, 302, 303, 306, 308, 309], "excluded_lines": [], "start_line": 262}, "ExportService.save_to_file": {"executed_lines": [], "summary": {"covered_lines": 0, "num_statements": 20, "percent_covered": 0.0, "percent_covered_display": "0", "missing_lines": 20, "excluded_lines": 0, "percent_statements_covered": 0.0, "percent_statements_covered_display": "0"}, "missing_lines": [330, 331, 333, 334, 335, 336, 337, 338, 339, 340, 341, 342, 343, 344, 345, 346, 347, 349, 351, 352], "excluded_lines": [], "start_line": 311}, "ExportService.get_file_extension": {"executed_lines": [], "summary": {"covered_lines": 0, "num_statements": 2, "percent_covered": 0.0, "percent_covered_display": "0", "missing_lines": 2, "excluded_lines": 0, "percent_statements_covered": 0.0, "percent_statements_covered_display": "0"}, "missing_lines": [363, 370], "excluded_lines": [], "start_line": 354}, "": {"executed_lines": [3, 4, 5, 7, 8, 10, 13, 19, 27, 59, 96, 179, 262, 311, 354], "summary": {"covered_lines": 15, "num_statements": 15, "percent_covered": 100.0, "percent_covered_display": "100", "missing_lines": 0, "excluded_lines": 0, "percent_statements_covered": 100.0, "percent_statements_covered_display": "100"}, "missing_lines": [], "excluded_lines": [], "start_line": 1}}, "classes": {"ExportService": {"executed_lines": [25], "summary": {"covered_lines": 1, "num_statements": 131, "percent_covered": 0.7633587786259542, "percent_covered_display": "1", "missing_lines": 130, "excluded_lines": 0, "percent_statements_covered": 0.7633587786259542, "percent_statements_covered_display": "1"}, "missing_lines": [36, 37, 40, 41, 43, 44, 45, 46, 47, 48, 51, 52, 53, 54, 55, 57, 68, 69, 72, 73, 74, 75, 77, 78, 79, 80, 81, 82, 85, 86, 87, 88, 89, 90, 91, 92, 94, 105, 107, 110, 111, 114, 128, 130, 131, 132, 134, 135, 136, 139, 140, 141, 142, 149, 150, 151, 153, 163, 164, 167, 168, 169, 172, 175, 176, 177, 188, 189, 190, 191, 193, 194, 203, 205, 212, 220, 228, 231, 232, 233, 235, 236, 239, 241, 244, 245, 246, 249, 250, 252, 255, 257, 259, 260, 271, 272, 274, 292, 293, 298, 299, 300, 301, 302, 303, 306, 308, 309, 330, 331, 333, 334, 335, 336, 337, 338, 339, 340, 341, 342, 343, 344, 345, 346, 347, 349, 351, 352, 363, 370], "excluded_lines": [], "start_line": 13}, "": {"executed_lines": [3, 4, 5, 7, 8, 10, 13, 19, 27, 59, 96, 179, 262, 311, 354], "summary": {"covered_lines": 15, "num_statements": 15, "percent_covered": 100.0, "percent_covered_display": "100", "missing_lines": 0, "excluded_lines": 0, "percent_statements_covered": 100.0, "percent_statements_covered_display": "100"}, "missing_lines": [], "excluded_lines": [], "start_line": 1}}}, "services/model_service.py": {"executed_lines": [3, 4, 5, 7, 9, 11, 14, 15, 18, 19, 20, 21, 22, 23, 24, 25, 26, 29, 30, 33, 34, 35, 36, 39, 46, 52, 54, 85, 91, 92, 93, 94, 99, 128, 139, 163, 181, 189, 211, 225, 251, 281], "summary": {"covered_lines": 42, "num_statements": 121, "percent_covered": 34.710743801652896, "percent_covered_display": "35", "missing_lines": 79, "excluded_lines": 0, "percent_statements_covered": 34.710743801652896, "percent_statements_covered_display": "35"}, "missing_lines": [60, 62, 63, 66, 68, 74, 75, 79, 80, 95, 96, 97, 105, 106, 108, 110, 112, 126, 137, 148, 149, 151, 152, 158, 159, 160, 161, 172, 173, 174, 175, 176, 177, 178, 179, 187, 198, 200, 201, 204, 205, 206, 207, 209, 220, 221, 223, 234, 235, 236, 242, 243, 244, 246, 247, 248, 249, 267, 268, 270, 271, 272, 273, 274, 275, 278, 279, 295, 297, 298, 300, 301, 302, 303, 311, 313, 321, 322, 331], "excluded_lines": [], "functions": {"ModelService.__init__": {"executed_lines": [52], "summary": {"covered_lines": 1, "num_statements": 1, "percent_covered": 100.0, "percent_covered_display": "100", "missing_lines": 0, "excluded_lines": 0, "percent_statements_covered": 100.0, "percent_statements_covered_display": "100"}, "missing_lines": [], "excluded_lines": [], "start_line": 46}, "ModelService.check_health": {"executed_lines": [], "summary": {"covered_lines": 0, "num_statements": 9, "percent_covered": 0.0, "percent_covered_display": "0", "missing_lines": 9, "excluded_lines": 0, "percent_statements_covered": 0.0, "percent_statements_covered_display": "0"}, "missing_lines": [60, 62, 63, 66, 68, 74, 75, 79, 80], "excluded_lines": [], "start_line": 54}, "ModelService.list_installed": {"executed_lines": [91, 92, 93, 94], "summary": {"covered_lines": 4, "num_statements": 7, "percent_covered": 57.142857142857146, "percent_covered_display": "57", "missing_lines": 3, "excluded_lines": 0, "percent_statements_covered": 57.142857142857146, "percent_statements_covered_display": "57"}, "missing_lines": [95, 96, 97], "excluded_lines": [], "start_line": 85}, "ModelService.list_available": {"executed_lines": [], "summary": {"covered_lines": 0, "num_statements": 6, "percent_covered": 0.0, "percent_covered_display": "0", "missing_lines": 6, "excluded_lines": 0, "percent_statements_covered": 0.0, "percent_statements_covered_display": "0"}, "missing_lines": [105, 106, 108, 110, 112, 126], "excluded_lines": [], "start_line": 99}, "ModelService.get_model_info": {"executed_lines": [], "summary": {"covered_lines": 0, "num_statements": 1, "percent_covered": 0.0, "percent_covered_display": "0", "missing_lines": 1, "excluded_lines": 0, "percent_statements_covered": 0.0, "percent_statements_covered_display": "0"}, "missing_lines": [137], "excluded_lines": [], "start_line": 128}, "ModelService.pull_model": {"executed_lines": [], "summary": {"covered_lines": 0, "num_statements": 8, "percent_covered": 0.0, "percent_covered_display": "0", "missing_lines": 8, "excluded_lines": 0, "percent_statements_covered": 0.0, "percent_statements_covered_display": "0"}, "missing_lines": [148, 149, 151, 152, 158, 159, 160, 161], "excluded_lines": [], "start_line": 139}, "ModelService.delete_model": {"executed_lines": [], "summary": {"covered_lines": 0, "num_statements": 8, "percent_covered": 0.0, "percent_covered_display": "0", "missing_lines": 8, "excluded_lines": 0, "percent_statements_covered": 0.0, "percent_statements_covered_display": "0"}, "missing_lines": [172, 173, 174, 175, 176, 177, 178, 179], "excluded_lines": [], "start_line": 163}, "ModelService.get_vram": {"executed_lines": [], "summary": {"covered_lines": 0, "num_statements": 1, "percent_covered": 0.0, "percent_covered_display": "0", "missing_lines": 1, "excluded_lines": 0, "percent_statements_covered": 0.0, "percent_statements_covered_display": "0"}, "missing_lines": [187], "excluded_lines": [], "start_line": 181}, "ModelService.get_recommended_model": {"executed_lines": [], "summary": {"covered_lines": 0, "num_statements": 8, "percent_covered": 0.0, "percent_covered_display": "0", "missing_lines": 8, "excluded_lines": 0, "percent_statements_covered": 0.0, "percent_statements_covered_display": "0"}, "missing_lines": [198, 200, 201, 204, 205, 206, 207, 209], "excluded_lines": [], "start_line": 189}, "ModelService.get_models_for_vram": {"executed_lines": [], "summary": {"covered_lines": 0, "num_statements": 3, "percent_covered": 0.0, "percent_covered_display": "0", "missing_lines": 3, "excluded_lines": 0, "percent_statements_covered": 0.0, "percent_statements_covered_display": "0"}, "missing_lines": [220, 221, 223], "excluded_lines": [], "start_line": 211}, "ModelService.test_model": {"executed_lines": [], "summary": {"covered_lines": 0, "num_statements": 10, "percent_covered": 0.0, "percent_covered_display": "0", "missing_lines": 10, "excluded_lines": 0, "percent_statements_covered": 0.0, "percent_statements_covered_display": "0"}, "missing_lines": [234, 235, 236, 242, 243, 244, 246, 247, 248, 249], "excluded_lines": [], "start_line": 225}, "ModelService.get_model_by_quality": {"executed_lines": [], "summary": {"covered_lines": 0, "num_statements": 10, "percent_covered": 0.0, "percent_covered_display": "0", "missing_lines": 10, "excluded_lines": 0, "percent_statements_covered": 0.0, "percent_statements_covered_display": "0"}, "missing_lines": [267, 268, 270, 271, 272, 273, 274, 275, 278, 279], "excluded_lines": [], "start_line": 251}, "ModelService.compare_models": {"executed_lines": [], "summary": {"covered_lines": 0, "num_statements": 12, "percent_covered": 0.0, "percent_covered_display": "0", "missing_lines": 12, "excluded_lines": 0, "percent_statements_covered": 0.0, "percent_statements_covered_display": "0"}, "missing_lines": [295, 297, 298, 300, 301, 302, 303, 311, 313, 321, 322, 331], "excluded_lines": [], "start_line": 281}, "": {"executed_lines": [3, 4, 5, 7, 9, 11, 14, 15, 18, 19, 20, 21, 22, 23, 24, 25, 26, 29, 30, 33, 34, 35, 36, 39, 46, 54, 85, 99, 128, 139, 163, 181, 189, 211, 225, 251, 281], "summary": {"covered_lines": 37, "num_statements": 37, "percent_covered": 100.0, "percent_covered_display": "100", "missing_lines": 0, "excluded_lines": 0, "percent_statements_covered": 100.0, "percent_statements_covered_display": "100"}, "missing_lines": [], "excluded_lines": [], "start_line": 1}}, "classes": {"ModelStatus": {"executed_lines": [], "summary": {"covered_lines": 0, "num_statements": 0, "percent_covered": 100.0, "percent_covered_display": "100", "missing_lines": 0, "excluded_lines": 0, "percent_statements_covered": 100.0, "percent_statements_covered_display": "100"}, "missing_lines": [], "excluded_lines": [], "start_line": 15}, "OllamaHealth": {"executed_lines": [], "summary": {"covered_lines": 0, "num_statements": 0, "percent_covered": 100.0, "percent_covered_display": "100", "missing_lines": 0, "excluded_lines": 0, "percent_statements_covered": 100.0, "percent_statements_covered_display": "100"}, "missing_lines": [], "excluded_lines": [], "start_line": 30}, "ModelService": {"executed_lines": [52, 91, 92, 93, 94], "summary": {"covered_lines": 5, "num_statements": 84, "percent_covered": 5.9523809523809526, "percent_covered_display": "6", "missing_lines": 79, "excluded_lines": 0, "percent_statements_covered": 5.9523809523809526, "percent_statements_covered_display": "6"}, "missing_lines": [60, 62, 63, 66, 68, 74, 75, 79, 80, 95, 96, 97, 105, 106, 108, 110, 112, 126, 137, 148, 149, 151, 152, 158, 159, 160, 161, 172, 173, 174, 175, 176, 177, 178, 179, 187, 198, 200, 201, 204, 205, 206, 207, 209, 220, 221, 223, 234, 235, 236, 242, 243, 244, 246, 247, 2
[...]
ered": 100.0, "percent_statements_covered_display": "100"}, "missing_lines": [], "excluded_lines": [], "start_line": 1}}, "classes": {"": {"executed_lines": [3, 5], "summary": {"covered_lines": 2, "num_statements": 2, "percent_covered": 100.0, "percent_covered_display": "100", "missing_lines": 0, "excluded_lines": 0, "percent_statements_covered": 100.0, "percent_statements_covered_display": "100"}, "missing_lines": [], "excluded_lines": [], "start_line": 1}}}, "workflows/orchestrator.py": {"executed_lines": [3, 4, 5, 6, 7, 8, 9, 11, 20, 21, 23, 26, 27, 30, 31, 32, 33, 34, 35, 39, 42, 45, 50, 51, 54, 55, 56, 57, 58, 59, 62, 63, 64, 66, 90, 91, 94, 96, 97, 99, 100, 109, 111, 112, 114, 120, 174, 176, 184, 186, 188, 190, 196, 203, 225, 240, 267, 311, 405, 539, 577, 588, 590, 593, 594, 596, 597, 608, 609, 610, 611, 613, 615, 617, 620, 621, 623, 624, 636, 637, 638, 639, 640, 641, 642, 643, 645, 647, 649, 652, 654, 657, 658, 660, 674, 675, 676, 677, 679, 680, 681, 684, 685, 686, 687, 693, 696, 697, 698, 701, 702, 703, 706, 709, 711, 712, 713, 715, 717, 720, 722, 723, 724, 725, 727, 728, 737, 738, 744, 751, 759, 762, 763, 764, 766, 767, 770, 772, 775, 776, 777, 780, 781, 783, 786, 788, 790, 791, 793, 807, 817, 818, 822, 823, 824, 825, 826, 827, 828, 829, 832, 833, 834, 835, 836, 837, 838, 839, 841, 845, 850, 852, 854, 855, 856, 858, 859, 861, 862, 864, 889, 895, 898, 899, 900, 901, 902, 903, 908, 917, 921, 922, 927, 928, 929, 930, 935, 937, 938, 940, 941, 943, 966, 967, 1001], "summary": {"covered_lines": 205, "num_statements": 489, "percent_covered": 41.922290388548056, "percent_covered_display": "42", "missing_lines": 284, "excluded_lines": 0, "percent_statements_covered": 41.922290388548056, "percent_statements_covered_display": "42"}, "missing_lines": [79, 80, 82, 83, 84, 85, 86, 87, 88, 92, 116, 117, 118, 122, 124, 125, 126, 129, 130, 131, 132, 133, 134, 135, 136, 138, 139, 140, 142, 143, 145, 154, 155, 157, 158, 159, 161, 162, 163, 164, 165, 167, 168, 169, 172, 187, 192, 198, 199, 200, 201, 208, 209, 211, 212, 215, 216, 217, 218, 219, 220, 222, 223, 227, 228, 230, 233, 234, 235, 236, 242, 243, 245, 246, 248, 249, 252, 253, 254, 255, 256, 257, 258, 261, 264, 265, 269, 270, 272, 273, 280, 281, 290, 292, 293, 295, 297, 298, 300, 302, 303, 304, 305, 307, 313, 314, 317, 323, 326, 327, 329, 332, 333, 334, 335, 337, 340, 341, 343, 344, 345, 348, 349, 351, 352, 354, 357, 362, 364, 365, 367, 368, 369, 371, 376, 379, 380, 383, 384, 387, 388, 389, 392, 393, 394, 395, 396, 398, 401, 403, 407, 408, 410, 411, 412, 414, 417, 418, 420, 423, 424, 425, 426, 428, 431, 432, 434, 437, 438, 441, 442, 446, 447, 450, 451, 453, 454, 456, 461, 464, 466, 467, 469, 470, 471, 473, 478, 480, 483, 486, 487, 490, 491, 495, 498, 499, 502, 505, 506, 507, 508, 511, 514, 515, 516, 517, 519, 520, 521, 524, 525, 526, 527, 528, 530, 535, 537, 548, 549, 551, 553, 556, 561, 567, 571, 572, 573, 579, 580, 582, 583, 584, 585, 586, 591, 606, 618, 634, 650, 718, 799, 831, 846, 847, 848, 866, 867, 869, 870, 871, 874, 876, 896, 904, 905, 906, 918, 923, 932, 952, 954, 955, 957, 958, 960, 962, 963, 964, 973, 974, 976, 977, 979, 980, 981, 982, 983, 996, 997, 999, 1003, 1004, 1006, 1007], "excluded_lines": [], "functions": {"StoryOrchestrator.__init__": {"executed_lines": [50, 51, 54, 55, 56, 57, 58, 59, 62, 63, 64], "summary": {"covered_lines": 11, "num_statements": 11, "percent_covered": 100.0, "percent_covered_display": "100", "missing_lines": 0, "excluded_lines": 0, "percent_statements_covered": 100.0, "percent_statements_covered_display": "100"}, "missing_lines": [], "excluded_lines": [], "start_line": 45}, "StoryOrchestrator._validate_response": {"executed_lines": [], "summary": {"covered_lines": 0, "num_statements": 9, "percent_covered": 0.0, "percent_covered_display": "0", "missing_lines": 9, "excluded_lines": 0, "percent_statements_covered": 0.0, "percent_statements_covered_display": "0"}, "missing_lines": [79, 80, 82, 83, 84, 85, 86, 87, 88], "excluded_lines": [], "start_line": 66}, "StoryOrchestrator.interaction_mode": {"executed_lines": [], "summary": {"covered_lines": 0, "num_statements": 1, "percent_covered": 0.0, "percent_covered_display": "0", "missing_lines": 1, "excluded_lines": 0, "percent_statements_covered": 0.0, "percent_statements_covered_display": "0"}, "missing_lines": [92], "excluded_lines": [], "start_line": 91}, "StoryOrchestrator.create_new_story": {"executed_lines": [96, 97, 99, 100, 109, 111, 112], "summary": {"covered_lines": 7, "num_statements": 7, "percent_covered": 100.0, "percent_covered_display": "100", "missing_lines": 0, "excluded_lines": 0, "percent_statements_covered": 100.0, "percent_statements_covered_display": "100"}, "missing_lines": [], "excluded_lines": [], "start_line": 94}, "StoryOrchestrator.update_project_name": {"executed_lines": [], "summary": {"covered_lines": 0, "num_statements": 3, "percent_covered": 0.0, "percent_covered_display": "0", "missing_lines": 3, "excluded_lines": 0, "percent_statements_covered": 0.0, "percent_statements_covered_display": "0"}, "missing_lines": [116, 117, 118], "excluded_lines": [], "start_line": 114}, "StoryOrchestrator.generate_title_suggestions": {"executed_lines": [], "summary": {"covered_lines": 0, "num_statements": 32, "percent_covered": 0.0, "percent_covered_display": "0", "missing_lines": 32, "excluded_lines": 0, "percent_statements_covered": 0.0, "percent_statements_covered_display": "0"}, "missing_lines": [122, 124, 125, 126, 129, 130, 131, 132, 133, 134, 135, 136, 138, 139, 140, 142, 143, 145, 154, 155, 157, 158, 159, 161, 162, 163, 164, 165, 167, 168, 169, 172], "excluded_lines": [], "start_line": 120}, "StoryOrchestrator._emit": {"executed_lines": [176, 184, 186, 188], "summary": {"covered_lines": 4, "num_statements": 5, "percent_covered": 80.0, "percent_covered_display": "80", "missing_lines": 1, "excluded_lines": 0, "percent_statements_covered": 80.0, "percent_statements_covered_display": "80"}, "missing_lines": [187], "excluded_lines": [], "start_line": 174}, "StoryOrchestrator.clear_events": {"executed_lines": [], "summary": {"covered_lines": 0, "num_statements": 1, "percent_covered": 0.0, "percent_covered_display": "0", "missing_lines": 1, "excluded_lines": 0, "percent_statements_covered": 0.0, "percent_statements_covered_display": "0"}, "missing_lines": [192], "excluded_lines": [], "start_line": 190}, "StoryOrchestrator.start_interview": {"executed_lines": [], "summary": {"covered_lines": 0, "num_statements": 4, "percent_covered": 0.0, "percent_covered_display": "0", "missing_lines": 4, "excluded_lines": 0, "percent_statements_covered": 0.0, "percent_statements_covered_display": "0"}, "missing_lines": [198, 199, 200, 201], "excluded_lines": [], "start_line": 196}, "StoryOrchestrator.process_interview_response": {"executed_lines": [], "summary": {"covered_lines": 0, "num_statements": 12, "percent_covered": 0.0, "percent_covered_display": "0", "missing_lines": 12, "excluded_lines": 0, "percent_statements_covered": 0.0, "percent_statements_covered_display": "0"}, "missing_lines": [208, 209, 211, 212, 215, 216, 217, 218, 219, 220, 222, 223], "excluded_lines": [], "start_line": 203}, "StoryOrchestrator.finalize_interview": {"executed_lines": [], "summary": {"covered_lines": 0, "num_statements": 7, "percent_covered": 0.0, "percent_covered_display": "0", "missing_lines": 7, "excluded_lines": 0, "percent_statements_covered": 0.0, "percent_statements_covered_display": "0"}, "missing_lines": [227, 228, 230, 233, 234, 235, 236], "excluded_lines": [], "start_line": 225}, "StoryOrchestrator.build_story_structure": {"executed_lines": [], "summary": {"covered_lines": 0, "num_statements": 16, "percent_covered": 0.0, "percent_covered_display": "0", "missing_lines": 16, "excluded_lines": 0, "percent_statements_covered": 0.0, "percent_statements_covered_display": "0"}, "missing_lines": [242, 243, 245, 246, 248, 249, 252, 253, 254, 255, 256, 257, 258, 261, 264, 265], "excluded_lines": [], "start_line": 240}, "StoryOrchestrator.get_outline_summary": {"executed_lines": [], "summary": {"covered_lines": 0, "num_statements": 18, "percent_covered": 0.0, "percent_covered_display": "0", "missing_lines": 18, "excluded_lines": 0, "percent_statements_covered": 0.0, "percent_statements_covered_display": "0"}, "missing_lines": [269, 270, 272, 273, 280, 281, 290, 292, 293, 295, 297, 298, 300, 302, 303, 304, 305, 307], "excluded_lines": [], "start_line": 267}, "StoryOrchestrator.write_short_story": {"executed_lines": [], "summary": {"covered_lines": 0, "num_statements": 46, "percent_covered": 0.0, "percent_covered_display": "0", "missing_lines": 46, "excluded_lines": 0, "percent_statements_covered": 0.0, "percent_statements_covered_display": "0"}, "missing_lines": [313, 314, 317, 323, 326, 327, 329, 332, 333, 334, 335, 337, 340, 341, 343, 344, 345, 348, 349, 351, 352, 354, 357, 362, 364, 365, 367, 368, 369, 371, 376, 379, 380, 383, 384, 387, 388, 389, 392, 393, 394, 395, 396, 398, 401, 403], "excluded_lines": [], "start_line": 311}, "StoryOrchestrator.write_chapter": {"executed_lines": [], "summary": {"covered_lines": 0, "num_statements": 67, "percent_covered": 0.0, "percent_covered_display": "0", "missing_lines": 67, "excluded_lines": 0, "percent_statements_covered": 0.0, "percent_statements_covered_display": "0"}, "missing_lines": [407, 408, 410, 411, 412, 414, 417, 418, 420, 423, 424, 425, 426, 428, 431, 432, 434, 437, 438, 441, 442, 446, 447, 450, 451, 453, 454, 456, 461, 464, 466, 467, 469, 470, 471, 473, 478, 480, 483, 486, 487, 490, 491, 495, 498, 499, 502, 505, 506, 507, 508, 511, 514, 515, 516, 517, 519, 520, 521, 524, 525, 526, 527, 528, 530, 535, 537], "excluded_lines": [], "start_line": 405}, "StoryOrchestrator.write_all_chapters": {"executed_lines": [], "summary": {"covered_lines": 0, "num_statements": 10, "percent_covered": 0.0, "percent_covered_display": "0", "missing_lines": 10, "excluded_lines": 0, "percent_statements_covered": 0.0, "percent_statements_covered_display": "0"}, "missing_lines": [548, 549, 551, 553, 556, 561, 567, 571, 572, 573], "excluded_lines": [], "start_line": 539}, "StoryOrchestrator.get_full_story": {"executed_lines": [], "summary": {"covered_lines": 0, "num_statements": 7, "percent_covered": 0.0, "percent_covered_display": "0", "missing_lines": 7, "excluded_lines": 0, "percent_statements_covered": 0.0, "percent_statements_covered_display": "0"}, "missing_lines": [579, 580, 582, 583, 584, 585, 586], "excluded_lines": [], "start_line": 577}, "StoryOrchestrator.export_to_markdown": {"executed_lines": [590, 593, 594, 596, 597, 608, 609, 610, 611, 613], "summary": {"covered_lines": 10, "num_statements": 12, "percent_covered": 83.33333333333333, "percent_covered_display": "83", "missing_lines": 2, "excluded_lines": 0, "percent_statements_covered": 83.33333333333333, "percent_statements_covered_display": "83"}, "missing_lines": [591, 606], "excluded_lines": [], "start_line": 588}, "StoryOrchestrator.export_to_text": {"executed_lines": [617, 620, 621, 623, 624, 636, 637, 638, 639, 640, 641, 642, 643, 645], "summary": {"covered_lines": 14, "num_statements": 16, "percent_covered": 87.5, "percent_covered_display": "88", "missing_lines": 2, "excluded_lines": 0, "percent_statements_covered": 87.5, "percent_statements_covered_display": "88"}, "missing_lines": [618, 634], "excluded_lines": [], "start_line": 615}, "StoryOrchestrator.export_to_epub": {"executed_lines": [649, 652, 654, 657, 658, 660, 674, 675, 676, 677, 679, 680, 681, 684, 685, 686, 687, 693, 696, 697, 698, 701, 702, 703, 706, 709, 711, 712, 713], "summary": {"covered_lines": 29, "num_statements": 30, "percent_covered": 96.66666666666667, "percent_covered_display": "97", "missing_lines": 1, "excluded_lines": 0, "percent_statements_covered": 96.66666666666667, "percent_statements_covered_display": "97"}, "missing_lines": [650], "excluded_lines": [], "start_line": 647}, "StoryOrchestrator.export_to_pdf": {"executed_lines": [717, 720, 722, 723, 724, 725, 727, 728, 737, 738, 744, 751, 759, 762, 763, 764, 766, 767, 770, 772, 775, 776, 777, 780, 781, 783, 786, 788, 790, 791], "summary": {"covered_lines": 30, "num_statements": 31, "percent_covered": 96.7741935483871, "percent_covered_display": "97", "missing_lines": 1, "excluded_lines": 0, "percent_statements_covered": 96.7741935483871, "percent_statements_covered_display": "97"}, "missing_lines": [718], "excluded_lines": [], "start_line": 715}, "StoryOrchestrator.export_to_mobi": {"executed_lines": [], "summary": {"covered_lines": 0, "num_statements": 1, "percent_covered": 0.0, "percent_covered_display": "0", "missing_lines": 1, "excluded_lines": 0, "percent_statements_covered": 0.0, "percent_statements_covered_display": "0"}, "missing_lines": [799], "excluded_lines": [], "start_line": 793}, "StoryOrchestrator.export_story_to_file": {"executed_lines": [817, 818, 822, 823, 824, 825, 826, 827, 828, 829, 832, 833, 834, 835, 836, 837, 838, 839, 841, 845, 850, 852, 854, 855, 856, 858, 859, 861, 862], "summary": {"covered_lines": 29, "num_statements": 33, "percent_covered": 87.87878787878788, "percent_covered_display": "88", "missing_lines": 4, "excluded_lines": 0, "percent_statements_covered": 87.87878787878788, "percent_statements_covered_display": "88"}, "missing_lines": [831, 846, 847, 848], "excluded_lines": [], "start_line": 807}, "StoryOrchestrator.get_statistics": {"executed_lines": [], "summary": {"covered_lines": 0, "num_statements": 7, "percent_covered": 0.0, "percent_covered_display": "0", "missing_lines": 7, "excluded_lines": 0, "percent_statements_covered": 0.0, "percent_statements_covered_display": "0"}, "missing_lines": [866, 867, 869, 870, 871, 874, 876], "excluded_lines": [], "start_line": 864}, "StoryOrchestrator.autosave": {"executed_lines": [895, 898, 899, 900, 901, 902, 903], "summary": {"covered_lines": 7, "num_statements": 11, "percent_covered": 63.63636363636363, "percent_covered_display": "64", "missing_lines": 4, "excluded_lines": 0, "percent_statements_covered": 63.63636363636363, "percent_statements_covered_display": "64"}, "missing_lines": [896, 904, 905, 906], "excluded_lines": [], "start_line": 889}, "StoryOrchestrator.save_story": {"executed_lines": [917, 921, 922, 927, 928, 929, 930, 935, 937, 938, 940, 941], "summary": {"covered_lines": 12, "num_statements": 15, "percent_covered": 80.0, "percent_covered_display": "80", "missing_lines": 3, "excluded_lines": 0, "percent_statements_covered": 80.0, "percent_statements_covered_display": "80"}, "missing_lines": [918, 923, 932], "excluded_lines": [], "start_line": 908}, "StoryOrchestrator.load_story": {"executed_lines": [], "summary": {"covered_lines": 0, "num_statements": 9, "percent_covered": 0.0, "percent_covered_display": "0", "missing_lines": 9, "excluded_lines": 0, "percent_statements_covered": 0.0, "percent_statements_covered_display": "0"}, "missing_lines": [952, 954, 955, 957, 958, 960, 962, 963, 964], "excluded_lines": [], "start_line": 943}, "StoryOrchestrator.list_saved_stories": {"executed_lines": [], "summary": {"covered_lines": 0, "num_statements": 12, "percent_covered": 0.0, "percent_covered_display": "0", "missing_lines": 12, "excluded_lines": 0, "percent_statements_covered": 0.0, "percent_statements_covered_display": "0"}, "missing_lines": [973, 974, 976, 977, 979, 980, 981, 982, 983, 996, 997, 999], "excluded_lines": [], "start_line": 967}, "StoryOrchestrator.reset_state": {"executed_lines": [], "summary": {"covered_lines": 0, "num_statements": 4, "percent_covered": 0.0, "percent_covered_display": "0", "missing_lines": 4, "excluded_lines": 0, "percent_statements_covered": 0.0, "percent_statements_covered_display": "0"}, "missing_lines": [1003, 1004, 1006, 1007], "excluded_lines": [], "start_line": 1001}, "": {"executed_lines": [3, 4, 5, 6, 7, 8, 9, 11, 20, 21, 23, 26, 27, 30, 31, 32, 33, 34, 35, 39, 42, 45, 66, 90, 91, 94, 114, 120, 174, 190, 196, 203, 225, 240, 267, 311, 405, 539, 577, 588, 615, 647, 715, 793, 807, 864, 889, 908, 943, 966, 967, 1001], "summary": {"covered_lines": 52, "num_statements": 52, "percent_covered": 100.0, "percent_covered_display": "100", "missing_lines": 0, "excluded_lines": 0, "percent_statements_covered": 100.0, "percent_statements_covered_display": "100"}, "missing_lines": [], "excluded_lines": [], "start_line": 1}}, "classes": {"WorkflowEvent": {"executed_lines": [], "summary": {"covered_lines": 0, "num_statements": 0, "percent_covered": 100.0, "percent_covered_display": "100", "missing_lines": 0, "excluded_lines": 0, "percent_statements_covered": 100.0, "percent_statements_covered_display": "100"}, "missing_lines": [], "excluded_lines": [], "start_line": 27}, "StoryOrchestrator": {"executed_lines": [50, 51, 54, 55, 56, 57, 58, 59, 62, 63, 64, 96, 97, 99, 100, 109, 111, 112, 176, 184, 186, 188, 590, 593, 594, 596, 597, 608, 609, 610, 611, 613, 617, 620, 621, 623, 624, 636, 637, 638, 639, 640, 641, 642, 643, 645, 649, 652, 654, 657, 658, 660, 674, 675, 676, 677, 679, 680, 681, 684, 685, 686, 687, 693, 696, 697, 698, 701, 702, 703, 706, 709, 711, 712, 713, 717, 720, 722, 723, 724, 725, 727, 728, 737, 738, 744, 751, 759, 762, 763, 764, 766, 767, 770, 772, 775, 776, 777, 780, 781, 783, 786, 788, 790, 791, 817, 818, 822, 823, 824, 825, 826, 827, 828, 829, 832, 833, 834, 835, 836, 837, 838, 839, 841, 845, 850, 852, 854, 855, 856, 858, 859, 861, 862, 895, 898, 899, 900, 901, 902, 903, 917, 921, 922, 927, 928, 929, 930, 935, 937, 938, 940, 941], "summary": {"covered_lines": 153, "num_statements": 437, "percent_covered": 35.01144164759725, "percent_covered_display": "35", "missing_lines": 284, "excluded_lines": 0, "percent_statements_covered": 35.01144164759725, "percent_statements_covered_display": "35"}, "missing_lines": [79, 80, 82, 83, 84, 85, 86, 87, 88, 92, 116, 117, 118, 122, 124, 125, 126, 129, 130, 131, 132, 133, 134, 135, 136, 138, 139, 140, 142, 143, 145, 154, 155, 157, 158, 159, 161, 162, 163, 164, 165, 167, 168, 169, 172, 187, 192, 198, 199, 200, 201, 208, 209, 211, 212, 215, 216, 217, 218, 219, 220, 222, 223, 227, 228, 230, 233, 234, 235, 236, 242, 243, 245, 246, 248, 249, 252, 253, 254, 255, 256, 257, 258, 261, 264, 265, 269, 270, 272, 273, 280, 281, 290, 292, 293, 295, 297, 298, 300, 302, 303, 304, 305, 307, 313, 314, 317, 323, 326, 327, 329, 332, 333, 334, 335, 337, 340, 341, 343, 344, 345, 348, 349, 351, 352, 354, 357, 362, 364, 365, 367, 368, 369, 371, 376, 379, 380, 383, 384, 387, 388, 389, 392, 393, 394, 395, 396, 398, 401, 403, 407, 408, 410, 411, 412, 414, 417, 418, 420, 423, 424, 425, 426, 428, 431, 432, 434, 437, 438, 441, 442, 446, 447, 450, 451, 453, 454, 456, 461, 464, 466, 467, 469, 470, 471, 473, 478, 480, 483, 486, 487, 490, 491, 495, 498, 499, 502, 505, 506, 507, 508, 511, 514, 515, 516, 517, 519, 520, 521, 524, 525, 526, 527, 528, 530, 535, 537, 548, 549, 551, 553, 556, 561, 567, 571, 572, 573, 579, 580, 582, 583, 584, 585, 586, 591, 606, 618, 634, 650, 718, 799, 831, 846, 847, 848, 866, 867, 869, 870, 871, 874, 876, 896, 904, 905, 906, 918, 923, 932, 952, 954, 955, 957, 958, 960, 962, 963, 964, 973, 974, 976, 977, 979, 980, 981, 982, 983, 996, 997, 999, 1003, 1004, 1006, 1007], "excluded_lines": [], "start_line": 42}, "": {"executed_lines": [3, 4, 5, 6, 7, 8, 9, 11, 20, 21, 23, 26, 27, 30, 31, 32, 33, 34, 35, 39, 42, 45, 66, 90, 91, 94, 114, 120, 174, 190, 196, 203, 225, 240, 267, 311, 405, 539, 577, 588, 615, 647, 715, 793, 807, 864, 889, 908, 943, 966, 967, 1001], "summary": {"covered_lines": 52, "num_statements": 52, "percent_covered": 100.0, "percent_covered_display": "100", "missing_lines": 0, "excluded_lines": 0, "percent_statements_covered": 100.0, "percent_statements_covered_display": "100"}, "missing_lines": [], "excluded_lines": [], "start_line": 1}}}}, "totals": {"covered_lines": 2540, "num_statements": 5447, "percent_covered": 46.6311731228199, "percent_covered_display": "47", "missing_lines": 2907, "excluded_lines": 3, "percent_statements_covered": 46.6311731228199, "percent_statements_covered_display": "47"}}